
> @elope/api@0.0.0 test:coverage
> vitest run --coverage


 RUN  v3.2.4 /Users/mikeyoung/CODING/Elope/server
      Coverage enabled with v8

 âœ“ test/middleware/auth.spec.ts (15 tests) 6ms
 âœ“ test/booking.service.spec.ts (9 tests) 5ms
 âœ“ test/catalog.service.spec.ts (22 tests) 4ms
 âœ“ test/controllers/webhooks.controller.spec.ts (8 tests) 7ms
[17:12:19] [32mINFO[39m: [36mStripe webhook received[39m
    [35meventId[39m: "evt_test_123"
    [35mtype[39m: "checkout.session.completed"
[17:12:19] [32mINFO[39m: [36mProcessing checkout completion[39m
    [35meventId[39m: "evt_test_123"
    [35msessionId[39m: "cs_test_session_123"
    [35mtenantId[39m: "test-tenant"
    [35mpackageId[39m: "pkg_test_123"
    [35meventDate[39m: "2025-06-15"
    [35memail[39m: "couple@example.com"
[17:12:19] [32mINFO[39m: [36mBooking created successfully[39m
    [35meventId[39m: "evt_test_123"
    [35msessionId[39m: "cs_test_session_123"
    [35mtenantId[39m: "test-tenant"
[17:12:19] [32mINFO[39m: [36mStripe webhook received[39m
    [35meventId[39m: "evt_test_duplicate"
    [35mtype[39m: "checkout.session.completed"
[17:12:19] [32mINFO[39m: [36mProcessing checkout completion[39m
    [35meventId[39m: "evt_test_duplicate"
    [35msessionId[39m: "cs_test_session_dup"
    [35mtenantId[39m: "test-tenant"
    [35mpackageId[39m: "pkg_dup_test"
    [35meventDate[39m: "2025-06-20"
    [35memail[39m: "couple@example.com"
[17:12:19] [32mINFO[39m: [36mBooking created successfully[39m
    [35meventId[39m: "evt_test_duplicate"
    [35msessionId[39m: "cs_test_session_dup"
    [35mtenantId[39m: "test-tenant"
[17:12:19] [32mINFO[39m: [36mStripe webhook received[39m
    [35meventId[39m: "evt_test_duplicate"
    [35mtype[39m: "checkout.session.completed"
[17:12:19] [32mINFO[39m: [36mDuplicate webhook ignored - returning 200 OK to Stripe[39m
    [35meventId[39m: "evt_test_duplicate"
    [35mtenantId[39m: "test-tenant"
[17:12:19] [31mERROR[39m: [36mWebhook signature verification failed[39m
    error: {}
[17:12:19] [31mERROR[39m: [36mWebhook signature verification failed[39m
    error: {}
[17:12:19] [32mINFO[39m: [36mStripe webhook received[39m
    [35meventId[39m: "evt_test_malformed"
    [35mtype[39m: "checkout.session.completed"
[17:12:19] [31mERROR[39m: [36mInvalid session structure from Stripe[39m
    [35merrors[39m: {
      "formErrors": [],
      "fieldErrors": {
        "metadata": [
          "Invalid input: expected string, received undefined",
          "Invalid input: expected string, received undefined",
          "Invalid input: expected string, received undefined"
        ]
      }
    }
[17:12:19] [32mINFO[39m: [36mStripe webhook received[39m
    [35meventId[39m: "evt_test_db_fail"
    [35mtype[39m: "checkout.session.completed"
[17:12:19] [32mINFO[39m: [36mProcessing checkout completion[39m
    [35meventId[39m: "evt_test_db_fail"
    [35msessionId[39m: "cs_test_session_db"
    [35mtenantId[39m: "test-tenant"
    [35mpackageId[39m: "pkg_db_test"
    [35meventDate[39m: "2025-07-01"
    [35memail[39m: "couple@example.com"
[17:12:19] [31mERROR[39m: [36mWebhook processing failed[39m
    [35meventId[39m: "evt_test_db_fail"
    [35meventType[39m: "checkout.session.completed"
    error: "Database connection failed"
[17:12:19] [32mINFO[39m: [36mStripe webhook received[39m
    [35meventId[39m: "evt_test_unknown"
    [35mtype[39m: "payment_intent.succeeded"
[17:12:19] [32mINFO[39m: [36mIgnoring unhandled webhook event type[39m
    [35meventId[39m: "evt_test_unknown"
    [35mtype[39m: "payment_intent.succeeded"
[17:12:19] [32mINFO[39m: [36mStripe webhook received[39m
    [35meventId[39m: "evt_test_addons"
    [35mtype[39m: "checkout.session.completed"
[17:12:19] [32mINFO[39m: [36mProcessing checkout completion[39m
    [35meventId[39m: "evt_test_addons"
    [35msessionId[39m: "cs_test_session_addons"
    [35mtenantId[39m: "test-tenant"
    [35mpackageId[39m: "pkg_addon_test"
    [35meventDate[39m: "2025-08-01"
    [35memail[39m: "couple@example.com"
[17:12:19] [32mINFO[39m: [36mBooking created successfully[39m
    [35meventId[39m: "evt_test_addons"
    [35msessionId[39m: "cs_test_session_addons"
    [35mtenantId[39m: "test-tenant"
[17:12:19] [32mINFO[39m: [36mStripe webhook received[39m
    [35meventId[39m: "evt_test_event_emission"
    [35mtype[39m: "checkout.session.completed"
[17:12:19] [32mINFO[39m: [36mProcessing checkout completion[39m
    [35meventId[39m: "evt_test_event_emission"
    [35msessionId[39m: "cs_test_session_event"
    [35mtenantId[39m: "test-tenant"
    [35mpackageId[39m: "pkg_event_test"
    [35meventDate[39m: "2025-09-01"
    [35memail[39m: "couple@example.com"
[17:12:19] [32mINFO[39m: [36mBooking created successfully[39m
    [35meventId[39m: "evt_test_event_emission"
    [35msessionId[39m: "cs_test_session_event"
    [35mtenantId[39m: "test-tenant"
 âœ“ src/services/audit.service.test.ts (19 tests) 3ms
 âœ“ test/repositories/booking-concurrency.spec.ts (15 tests) 3ms
 âœ“ test/type-safety.regression.spec.ts (9 tests) 5ms
 âœ“ test/availability.service.spec.ts (6 tests) 3ms
 â¯ test/middleware/error-handler.spec.ts (16 tests | 12 failed) 12ms
   Ã— Error Handler Middleware > Domain Error Mapping > should map NotFoundError to 404 6ms
     â†’ expected "spy" to be called with arguments: [ { error: 'NOT_FOUND', â€¦(1) } ][90m

Received: 

[1m  1st spy call:

[22m[2m  [[22m
[2m    {[22m
[2m      "error": "NOT_FOUND",[22m
[2m      "message": "Resource not found",[22m
[31m+     "requestId": undefined,[90m
[31m+     "status": "error",[90m
[31m+     "statusCode": 404,[90m
[2m    },[22m
[2m  ][22m
[39m[90m

Number of calls: [1m1[22m
[39m
   Ã— Error Handler Middleware > Domain Error Mapping > should map ValidationError to 400 1ms
     â†’ expected "spy" to be called with arguments: [ { error: 'VALIDATION_ERROR', â€¦(1) } ][90m

Received: 

[1m  1st spy call:

[22m[2m  [[22m
[2m    {[22m
[2m      "error": "VALIDATION_ERROR",[22m
[2m      "message": "Invalid input",[22m
[31m+     "requestId": undefined,[90m
[31m+     "status": "error",[90m
[31m+     "statusCode": 400,[90m
[2m    },[22m
[2m  ][22m
[39m[90m

Number of calls: [1m1[22m
[39m
   Ã— Error Handler Middleware > Domain Error Mapping > should map UnauthorizedError to 401 0ms
     â†’ expected "spy" to be called with arguments: [ { error: 'UNAUTHORIZED', â€¦(1) } ][90m

Received: 

[1m  1st spy call:

[22m[2m  [[22m
[2m    {[22m
[2m      "error": "UNAUTHORIZED",[22m
[2m      "message": "Invalid token",[22m
[31m+     "requestId": undefined,[90m
[31m+     "status": "error",[90m
[31m+     "statusCode": 401,[90m
[2m    },[22m
[2m  ][22m
[39m[90m

Number of calls: [1m1[22m
[39m
   Ã— Error Handler Middleware > Domain Error Mapping > should map ForbiddenError to 403 0ms
     â†’ expected "spy" to be called with arguments: [ { error: 'FORBIDDEN', â€¦(1) } ][90m

Received: 

[1m  1st spy call:

[22m[2m  [[22m
[2m    {[22m
[2m      "error": "FORBIDDEN",[22m
[2m      "message": "Access denied",[22m
[31m+     "requestId": undefined,[90m
[31m+     "status": "error",[90m
[31m+     "statusCode": 403,[90m
[2m    },[22m
[2m  ][22m
[39m[90m

Number of calls: [1m1[22m
[39m
   Ã— Error Handler Middleware > Domain Error Mapping > should map ConflictError to 409 0ms
     â†’ expected "spy" to be called with arguments: [ { error: 'CONFLICT', â€¦(1) } ][90m

Received: 

[1m  1st spy call:

[22m[2m  [[22m
[2m    {[22m
[2m      "error": "CONFLICT",[22m
[2m      "message": "Resource already exists",[22m
[31m+     "requestId": undefined,[90m
[31m+     "status": "error",[90m
[31m+     "statusCode": 409,[90m
[2m    },[22m
[2m  ][22m
[39m[90m

Number of calls: [1m1[22m
[39m
   Ã— Error Handler Middleware > Domain Error Mapping > should map UnprocessableEntityError to 422 0ms
     â†’ expected "spy" to be called with arguments: [ { â€¦(2) } ][90m

Received: 

[1m  1st spy call:

[22m[2m  [[22m
[2m    {[22m
[2m      "error": "UNPROCESSABLE_ENTITY",[22m
[2m      "message": "Invalid webhook signature",[22m
[31m+     "requestId": undefined,[90m
[31m+     "status": "error",[90m
[31m+     "statusCode": 422,[90m
[2m    },[22m
[2m  ][22m
[39m[90m

Number of calls: [1m1[22m
[39m
   Ã— Error Handler Middleware > Domain Error Mapping > should map custom DomainError to specified status code 0ms
     â†’ expected "spy" to be called with arguments: [ { error: 'CUSTOM_ERROR', â€¦(1) } ][90m

Received: 

[1m  1st spy call:

[22m[2m  [[22m
[2m    {[22m
[2m      "error": "CUSTOM_ERROR",[22m
[2m      "message": "Custom error",[22m
[31m+     "requestId": undefined,[90m
[31m+     "status": "error",[90m
[31m+     "statusCode": 418,[90m
[2m    },[22m
[2m  ][22m
[39m[90m

Number of calls: [1m1[22m
[39m
   Ã— Error Handler Middleware > Booking-specific Errors > should map BookingConflictError to 409 0ms
     â†’ expected "spy" to be called with arguments: [ { error: 'CONFLICT', â€¦(1) } ][90m

Received: 

[1m  1st spy call:

[22m[2m  [[22m
[2m    {[22m
[2m      "error": "CONFLICT",[22m
[2m      "message": "Date 2025-12-25 is already booked",[22m
[31m+     "requestId": undefined,[90m
[31m+     "status": "error",[90m
[31m+     "statusCode": 409,[90m
[2m    },[22m
[2m  ][22m
[39m[90m

Number of calls: [1m1[22m
[39m
   Ã— Error Handler Middleware > Unknown Error Handling > should map generic Error to 500 1ms
     â†’ req.get is not a function
   Ã— Error Handler Middleware > Unknown Error Handling > should log unknown errors with full details 0ms
     â†’ req.get is not a function
   Ã— Error Handler Middleware > Unknown Error Handling > should hide unknown error details from client 0ms
     â†’ req.get is not a function
   âœ“ Error Handler Middleware > Logging Behavior > should log domain errors at info level 0ms
   Ã— Error Handler Middleware > Logging Behavior > should log unknown errors at error level 0ms
     â†’ req.get is not a function
   âœ“ Error Handler Middleware > Logging Behavior > should use fallback logger if res.locals.logger is missing 1ms
   âœ“ Error Handler Middleware > Response Format > should always return JSON format 0ms
   âœ“ Error Handler Middleware > Response Format > should include error code and message in response 0ms
 â†“ test/http/webhooks.http.spec.ts (12 tests | 12 skipped)
 â†“ test/integration/webhook-race-conditions.spec.ts (14 tests | 14 skipped)
stdout | test/http/packages.test.ts
âœ… Mock data seeded: 6 packages, 6 add-ons, 1 admin user

 âœ“ test/identity.service.spec.ts (7 tests) 578ms
stdout | test/http/packages.test.ts
[dotenv@17.2.3] injecting env (0) from .env -- tip: ðŸ› ï¸  run anywhere with `dotenvx run -- yourcommand`

[17:12:21] [32mINFO[39m: [36mWebhook event recorded[39m
    [35mtenantId[39m: "cmhuomqfp0000p0e6vw767p9j"
    [35meventId[39m: "evt_test_12345"
    [35meventType[39m: "checkout.session.completed"
[17:12:20] [32mINFO[39m: [36mServing uploaded logos from static directory[39m
    [35muploadDir[39m: "/Users/mikeyoung/CODING/Elope/server/uploads/logos"
[17:12:20] [32mINFO[39m: [36mServing package photos from static directory[39m
    [35muploadDir[39m: "/Users/mikeyoung/CODING/Elope/server/uploads/packages"
[17:12:20] [32mINFO[39m: [36mâœ… Cache service initialized with 900s TTL[39m
[17:12:20] [32mINFO[39m: [36mðŸ§ª Using MOCK adapters[39m
[17:12:20] [32mINFO[39m: [36mIdempotencyService initialized[39m
[17:12:20] [32mINFO[39m: [36mâœ… StripeConnectService initialized[39m
[17:12:20] [32mINFO[39m: [36mðŸ§ª Mounting dev simulator routes[39m
[17:12:20] [32mINFO[39m: [36mRequest started[39m
    [35mrequestId[39m: "0fb90be8-9a26-4294-b011-93ba0df85e47"
    [35mmethod[39m: "GET"
    [35murl[39m: "/v1/packages"
[17:12:21] [32mINFO[39m: [36mTenant resolved successfully[39m
    [35mtenantId[39m: "tenant_default_legacy"
    [35mslug[39m: "elope"
    [35mapiKey[39m: "pk_live_elope_012345..."
    [35mpath[39m: "/v1/packages"
[17:12:21] [32mINFO[39m: [36mRequest completed[39m
    [35mrequestId[39m: "0fb90be8-9a26-4294-b011-93ba0df85e47"
    [35mmethod[39m: "GET"
    [35murl[39m: "/v1/packages"
    [35mstatusCode[39m: 200
    [35mduration[39m: 481
[17:12:21] [32mINFO[39m: [36mRequest started[39m
    [35mrequestId[39m: "27d31482-90eb-4715-957a-fa925cfea0eb"
    [35mmethod[39m: "GET"
    [35murl[39m: "/v1/nonexistent"
[17:12:21] [32mINFO[39m: [36mRequest completed[39m
    [35mrequestId[39m: "27d31482-90eb-4715-957a-fa925cfea0eb"
    [35mmethod[39m: "GET"
    [35murl[39m: "/v1/nonexistent"
    [35mstatusCode[39m: 404
    [35mduration[39m: 0
[17:12:21] [32mINFO[39m: [36mServing uploaded logos from static directory[39m
    [35muploadDir[39m: "/Users/mikeyoung/CODING/Elope/server/uploads/logos"
[17:12:21] [32mINFO[39m: [36mServing package photos from static directory[39m
    [35muploadDir[39m: "/Users/mikeyoung/CODING/Elope/server/uploads/packages"
[17:12:21] [32mINFO[39m: [36mâœ… Cache service initialized with 900s TTL[39m
[17:12:21] [32mINFO[39m: [36mðŸ§ª Using MOCK adapters[39m
[17:12:21] [32mINFO[39m: [36mIdempotencyService initialized[39m
[17:12:21] [32mINFO[39m: [36mâœ… StripeConnectService initialized[39m
[17:12:21] [32mINFO[39m: [36mðŸ§ª Mounting dev simulator routes[39m
[17:12:21] [32mINFO[39m: [36mRequest started[39m
    [35mrequestId[39m: "b2917979-bf76-40ac-b123-c98013444a1e"
    [35mmethod[39m: "GET"
    [35murl[39m: "/v1/packages/basic-elopement"
[17:12:22] [32mINFO[39m: [36mWebhook event recorded[39m
    [35mtenantId[39m: "cmhuomqfp0000p0e6vw767p9j"
    [35meventId[39m: "evt_test_duplicate"
    [35meventType[39m: "checkout.session.completed"
[17:12:22] [32mINFO[39m: [36mTenant resolved successfully[39m
    [35mtenantId[39m: "tenant_default_legacy"
    [35mslug[39m: "elope"
    [35mapiKey[39m: "pk_live_elope_012345..."
    [35mpath[39m: "/v1/packages/basic-elopement"
[17:12:22] [32mINFO[39m: [36mRequest completed[39m
    [35mrequestId[39m: "b2917979-bf76-40ac-b123-c98013444a1e"
    [35mmethod[39m: "GET"
    [35murl[39m: "/v1/packages/basic-elopement"
    [35mstatusCode[39m: 200
    [35mduration[39m: 495
[17:12:22] [32mINFO[39m: [36mRequest started[39m
    [35mrequestId[39m: "1b8984bf-1d65-4095-a5e3-74d39699f80c"
    [35mmethod[39m: "GET"
    [35murl[39m: "/v1/packages/nonexistent-slug"
[17:12:22] [32mINFO[39m: [36mTenant resolved successfully[39m
    [35mtenantId[39m: "tenant_default_legacy"
    [35mslug[39m: "elope"
    [35mapiKey[39m: "pk_live_elope_012345..."
    [35mpath[39m: "/v1/packages/nonexistent-slug"
[17:12:22] [32mINFO[39m: [36mDomain error[39m
    [35mrequestId[39m: "1b8984bf-1d65-4095-a5e3-74d39699f80c"
    err: {
      "type": "Object",
      "message": "Package with slug \"nonexistent-slug\" not found",
      "stack":
          
      "name": "NotFoundError",
      "code": "NOT_FOUND"
    }
[17:12:22] [32mINFO[39m: [36mRequest completed[39m
    [35mrequestId[39m: "1b8984bf-1d65-4095-a5e3-74d39699f80c"
    [35mmethod[39m: "GET"
    [35murl[39m: "/v1/packages/nonexistent-slug"
    [35mstatusCode[39m: 404
    [35mduration[39m: 48
 âœ“ test/http/packages.test.ts (4 tests) 2022ms
   âœ“ GET /v1/packages > returns packages list with contract shape  502ms
   âœ“ GET /v1/packages/:slug > returns single package by slug  504ms
 â¯ test/integration/booking-race-conditions.spec.ts (12 tests | 1 failed | 11 skipped) 2764ms
   â†“ Booking Race Conditions - Integration Tests > Concurrent Booking Prevention > should prevent double-booking when concurrent requests arrive
   â†“ Booking Race Conditions - Integration Tests > Concurrent Booking Prevention > should handle high-concurrency booking attempts (10 simultaneous)
   â†“ Booking Race Conditions - Integration Tests > Concurrent Booking Prevention > should allow concurrent bookings for different dates
   â†“ Booking Race Conditions - Integration Tests > Transaction Isolation > should maintain serializable isolation during transaction
   Ã— Booking Race Conditions - Integration Tests > Transaction Isolation > should rollback on error with no partial data committed 2764ms
     â†’ 
Invalid `ctx.prisma.customer.findFirst()` invocation in
/Users/mikeyoung/CODING/Elope/server/test/integration/booking-race-conditions.spec.ts:290:50

  287   .toThrow();
  288 
  289 // Verify no customer was created (rollback worked)
â†’ 290 const customer = await ctx.prisma.customer.findFirst(
The column `Customer.tenantId` does not exist in the current database.
   â†“ Booking Race Conditions - Integration Tests > Service Layer Race Conditions > should handle concurrent payment completion for same date
   â†“ Booking Race Conditions - Integration Tests > Service Layer Race Conditions > should handle rapid sequential payment attempts
   â†“ Booking Race Conditions - Integration Tests > Pessimistic Locking Behavior > should use FOR UPDATE NOWAIT to prevent deadlocks
   â†“ Booking Race Conditions - Integration Tests > Pessimistic Locking Behavior > should release lock after successful transaction
   â†“ Booking Race Conditions - Integration Tests > Pessimistic Locking Behavior > should release lock after failed transaction
   â†“ Booking Race Conditions - Integration Tests > Edge Cases > should handle bookings with add-ons during race conditions
   â†“ Booking Race Conditions - Integration Tests > Edge Cases > should handle mixed success/failure scenarios across different dates
 â¯ test/integration/booking-repository.integration.spec.ts (11 tests | 1 failed | 10 skipped) 2993ms
   â†“ PrismaBookingRepository - Integration Tests > Pessimistic Locking > should create booking successfully with lock
   â†“ PrismaBookingRepository - Integration Tests > Pessimistic Locking > should throw BookingConflictError on duplicate date
   â†“ PrismaBookingRepository - Integration Tests > Pessimistic Locking > should handle concurrent booking attempts
   â†“ PrismaBookingRepository - Integration Tests > Pessimistic Locking > should handle rapid sequential booking attempts
   Ã— PrismaBookingRepository - Integration Tests > Data Integrity > should rollback on error (no partial data) 2991ms
     â†’ 
Invalid `ctx.prisma.customer.count()` invocation in
/Users/mikeyoung/CODING/Elope/server/test/integration/booking-repository.integration.spec.ts:245:55

  242 }
  243 
  244 // Verify NO partial data committed
â†’ 245 const customerCount = await ctx.prisma.customer.count(
The column `Customer.tenantId` does not exist in the current database.
   â†“ PrismaBookingRepository - Integration Tests > Data Integrity > should create booking with add-ons atomically
   â†“ PrismaBookingRepository - Integration Tests > Data Integrity > should create or update customer upsert correctly
   â†“ PrismaBookingRepository - Integration Tests > Query Operations > should find booking by id
   â†“ PrismaBookingRepository - Integration Tests > Query Operations > should return null for non-existent booking
   â†“ PrismaBookingRepository - Integration Tests > Query Operations > should check if date is booked
   â†“ PrismaBookingRepository - Integration Tests > Query Operations > should find all bookings ordered by creation date
[17:12:22] [32mINFO[39m: [36mCache flushed[39m
[17:12:23] [32mINFO[39m: [36mCache flushed[39m
[17:12:24] [32mINFO[39m: [36mWebhook event recorded[39m
    [35mtenantId[39m: "cmhuomqfp0000p0e6vw767p9j"
    [35meventId[39m: "evt_concurrent_789"
    [35meventType[39m: "checkout.session.completed"
[17:12:25] [32mINFO[39m: [36mCache flushed[39m
[17:12:26] [32mINFO[39m: [36mWebhook event recorded[39m
    [35mtenantId[39m: "cmhuomqfp0000p0e6vw767p9j"
    [35meventId[39m: "evt_already_processed"
    [35meventType[39m: "checkout.session.completed"
[17:12:26] [32mINFO[39m: [36mWebhook marked as processed[39m
    [35mtenantId[39m: "cmhuomqfp0000p0e6vw767p9j"
    [35meventId[39m: "evt_already_processed"
[17:12:26] [32mINFO[39m: [36mCache flushed[39m
 âœ“ src/services/catalog.service.integration.test.ts (8 tests) 7578ms
   âœ“ CatalogService Integration - Audit Logging > createPackage > should create package AND audit log when audit context provided  1485ms
   âœ“ CatalogService Integration - Audit Logging > createPackage > should create package WITHOUT audit log when audit context missing  515ms
   âœ“ CatalogService Integration - Audit Logging > updatePackage > should update package AND audit log with before/after snapshots  920ms
   âœ“ CatalogService Integration - Audit Logging > updatePackage > should update package WITHOUT audit log when context missing  658ms
   âœ“ CatalogService Integration - Audit Logging > deletePackage > should delete package AND audit log with beforeSnapshot  897ms
   âœ“ CatalogService Integration - Audit Logging > deletePackage > should delete package WITHOUT audit log when context missing  706ms
   âœ“ CatalogService Integration - Audit Logging > Tenant Isolation > should not see other tenant audit logs  1333ms
   âœ“ CatalogService Integration - Audit Logging > getEntityHistory > should return full audit history for entity  1063ms
[17:12:27] [32mINFO[39m: [36mWebhook event recorded[39m
    [35mtenantId[39m: "cmhuomqfp0000p0e6vw767p9j"
    [35meventId[39m: "evt_race_condition"
    [35meventType[39m: "checkout.session.completed"
[17:12:27] [31mERROR[39m: [36mFailed to record webhook event[39m
    [35mtenantId[39m: "cmhuomqfp0000p0e6vw767p9j"
    [35meventId[39m: "evt_race_condition"
    [35meventType[39m: "checkout.session.completed"
    error: {
      "code": "P2002",
      "meta": {
        "modelName": "WebhookEvent",
        "target": [
          "eventId"
        ]
      },
      "clientVersion": "6.18.0",
      "name": "PrismaClientKnownRequestError"
    }
[17:12:27] [31mERROR[39m: [36mFailed to record webhook event[39m
    [35mtenantId[39m: "cmhuomqfp0000p0e6vw767p9j"
    [35meventId[39m: "evt_race_condition"
    [35meventType[39m: "checkout.session.completed"
    error: {
      "code": "P2002",
      "meta": {
        "modelName": "WebhookEvent",
        "target": [
          "eventId"
        ]
      },
      "clientVersion": "6.18.0",
      "name": "PrismaClientKnownRequestError"
    }
[17:12:28] [32mINFO[39m: [36mCache flushed[39m
[17:12:29] [32mINFO[39m: [36mWebhook event recorded[39m
    [35mtenantId[39m: "cmhuomqfp0000p0e6vw767p9j"
    [35meventId[39m: "evt_process_456"
    [35meventType[39m: "checkout.session.completed"
[17:12:29] [32mINFO[39m: [36mWebhook marked as processed[39m
    [35mtenantId[39m: "cmhuomqfp0000p0e6vw767p9j"
    [35meventId[39m: "evt_process_456"
[17:12:30] [32mINFO[39m: [36mWebhook event recorded[39m
    [35mtenantId[39m: "cmhuomqfp0000p0e6vw767p9j"
    [35meventId[39m: "evt_fail_999"
    [35meventType[39m: "checkout.session.completed"
[17:12:30] [31mERROR[39m: [36mWebhook marked as failed[39m
    [35mtenantId[39m: "cmhuomqfp0000p0e6vw767p9j"
    [35meventId[39m: "evt_fail_999"
    error: "Database connection timeout"
[17:12:30] [32mINFO[39m: [36mCache flushed[39m
[17:12:31] [32mINFO[39m: [36mWebhook event recorded[39m
    [35mtenantId[39m: "cmhuomqfp0000p0e6vw767p9j"
    [35meventId[39m: "evt_retry_test"
    [35meventType[39m: "checkout.session.completed"
[17:12:32] [32mINFO[39m: [36mWebhook event recorded[39m
    [35mtenantId[39m: "cmhuomqfp0000p0e6vw767p9j"
    [35meventId[39m: "evt_transition_pending_processed"
    [35meventType[39m: "checkout.session.completed"
[17:12:32] [32mINFO[39m: [36mCache flushed[39m
[17:12:33] [32mINFO[39m: [36mWebhook event recorded[39m
    [35mtenantId[39m: "cmhuomqfp0000p0e6vw767p9j"
    [35meventId[39m: "evt_transition_pending_failed"
    [35meventType[39m: "checkout.session.completed"
[17:12:34] [32mINFO[39m: [36mWebhook event recorded[39m
    [35mtenantId[39m: "cmhuomqfp0000p0e6vw767p9j"
    [35meventId[39m: "evt_complex"
    [35meventType[39m: "checkout.session.completed"
[17:12:34] [32mINFO[39m: [36mCache flushed[39m
[17:12:35] [32mINFO[39m: [36mWebhook event recorded[39m
    [35mtenantId[39m: "cmhuomqfp0000p0e6vw767p9j"
    [35meventId[39m: "evt_checkout.session.completed"
    [35meventType[39m: "checkout.session.completed"
[17:12:35] [32mINFO[39m: [36mWebhook event recorded[39m
    [35mtenantId[39m: "cmhuomqfp0000p0e6vw767p9j"
    [35meventId[39m: "evt_checkout.session.expired"
    [35meventType[39m: "checkout.session.expired"
[17:12:35] [32mINFO[39m: [36mWebhook event recorded[39m
    [35mtenantId[39m: "cmhuomqfp0000p0e6vw767p9j"
    [35meventId[39m: "evt_payment_intent.succeeded"
    [35meventType[39m: "payment_intent.succeeded"
[17:12:35] [32mINFO[39m: [36mWebhook event recorded[39m
    [35mtenantId[39m: "cmhuomqfp0000p0e6vw767p9j"
    [35meventId[39m: "evt_charge.refunded"
    [35meventType[39m: "charge.refunded"
[17:12:36] [32mINFO[39m: [36mCache flushed[39m
[17:12:36] [32mINFO[39m: [36mWebhook event recorded[39m
    [35mtenantId[39m: "cmhuomqfp0000p0e6vw767p9j"
    [35meventId[39m: "evt_timestamp_test"
    [35meventType[39m: "checkout.session.completed"
[17:12:37] [32mINFO[39m: [36mWebhook event recorded[39m
    [35mtenantId[39m: "cmhuomqfp0000p0e6vw767p9j"
    [35meventId[39m: "evt_empty_payload"
    [35meventType[39m: "test.event"
[17:12:38] [32mINFO[39m: [36mWebhook event recorded[39m
    [35mtenantId[39m: "cmhuomqfp0000p0e6vw767p9j"
    [35meventId[39m: "evt_long_error"
    [35meventType[39m: "test.event"
[17:12:38] [31mERROR[39m: [36mWebhook marked as failed[39m
    [35mtenantId[39m: "cmhuomqfp0000p0e6vw767p9j"
    [35meventId[39m: "evt_long_error"
    error: "Error: xxxxxxxxxxxxxxxxxxxxxxxxxxxxxxxxxxxxxxxxxxxxxxxxxxxxxxxxxxxxxxxxxxxxxxxxxxxxxxxxxxxxxxxxxxxxxxxxxxxxxxxxxxxxxxxxxxxxxxxxxxxxxxxxxxxxxxxxxxxxxxxxxxxxxxxxxxxxxxxxxxxxxxxxxxxxxxxxxxxxxxxxxxxxxxxxxxxxxxxxxxxxxxxxxxxxxxxxxxxxxxxxxxxxxxxxxxxxxxxxxxxxxxxxxxxxxxxxxxxxxxxxxxxxxxxxxxxxxxxxxxxxxxxxxxxxxxxxxxxxxxxxxxxxxxxxxxxxxxxxxxxxxxxxxxxxxxxxxxxxxxxxxxxxxxxxxxxxxxxxxxxxxxxxxxxxxxxxxxxxxxxxxxxxxxxxxxxxxxxxxxxxxxxxxxxxxxxxxxxxxxxxxxxxxxxxxxxxxxxxxxxxxxxxxxxxxxxxxxxxxxxxxxxxxxxxxxxxxxxxxxxxxxxxxxxxxxxxxxxxxxxxxxxxxxxxxxxxxxxxxxxxxxxxxxxxxxxxxxxxxxxxxxxxxxxxxxxxxxxxxxxxxxxxxxxxxxxxxxxxxxxxxxxxxxxxxxxxxxxxxxxxxxxxxxxxxxxxxxxxxxxxxxxxxxxxxxxxxxxxxxxxxxxxxxxxxxxxxxxxxxxxxxxxxxxxxxxxxxxxxxxxxxxxxxxxxxxxxxxxxxxxxxxxxxxxxxxxxxxxxxxxxxxxxxxxxxxxxxxxxxxxxxxxxxxxxxxxxxxxxxxxxxxxxxxxxxxxxxxxxxxxxxxxxxxxxxxxxxxxxxxxxxxxxxxxxxxxxxxxxxxxxxxxxxxxxxxxxxxxxxxxxxxxxxxxxxxxxxxxxxxxxxxxxxxxxxxxxxxxxxxxxxxxxxxxxxxxxxxxxxxxxxxxxxxxxxxxxxxxxxxxxxxxxxxxxxxxxxxxxxxxxxxxxxxxxxxxxxxxxxxxxxxxxxxxxxxxxxxxxxxxxxxxxxxxxxxxxxxx"
[17:12:38] [32mINFO[39m: [36mCache flushed[39m
[17:12:39] [32mINFO[39m: [36mWebhook event recorded[39m
    [35mtenantId[39m: "cmhuomqfp0000p0e6vw767p9j"
    [35meventId[39m: "evt_test_special-chars_123.456"
    [35meventType[39m: "test.event"
 â¯ test/integration/webhook-repository.integration.spec.ts (17 tests | 14 failed) 19921ms
   Ã— PrismaWebhookRepository - Integration Tests > Idempotency > should record webhook successfully 1895ms
     â†’ 
Invalid `ctx.prisma.webhookEvent.findUnique()` invocation in
/Users/mikeyoung/CODING/Elope/server/test/integration/webhook-repository.integration.spec.ts:48:51

  45 
  46 await repository.recordWebhook({ tenantId: testTenantId, ...webhook });
  47 
â†’ 48 const event = await ctx.prisma.webhookEvent.findUnique({
       where: {
         eventId: "evt_test_12345",
     ?   id?: String,
     ?   tenantId_eventId?: WebhookEventTenantId_eventIdCompoundUniqueInput,
     ?   AND?: WebhookEventWhereInput | WebhookEventWhereInput[],
     ?   OR?: WebhookEventWhereInput[],
     ?   NOT?: WebhookEventWhereInput | WebhookEventWhereInput[],
     ?   tenantId?: StringFilter | String,
     ?   eventType?: StringFilter | String,
     ?   rawPayload?: StringFilter | String,
     ?   status?: EnumWebhookStatusFilter | WebhookStatus,
     ?   attempts?: IntFilter | Int,
     ?   lastError?: StringNullableFilter | String | Null,
     ?   processedAt?: DateTimeNullableFilter | DateTime | Null,
     ?   createdAt?: DateTimeFilter | DateTime,
     ?   tenant?: TenantScalarRelationFilter | TenantWhereInput
       }
     })

Argument `where` of type WebhookEventWhereUniqueInput needs at least one of `id` or `tenantId_eventId` arguments. Available options are marked with ?.
   Ã— PrismaWebhookRepository - Integration Tests > Idempotency > should detect duplicate webhooks 1144ms
     â†’ 
Invalid `ctx.prisma.webhookEvent.findUnique()` invocation in
/Users/mikeyoung/CODING/Elope/server/test/integration/webhook-repository.integration.spec.ts:74:51

  71 expect(isDupe).toBe(true);
  72 
  73 // Verify status updated to DUPLICATE
â†’ 74 const event = await ctx.prisma.webhookEvent.findUnique({
       where: {
         eventId: "evt_test_duplicate",
     ?   id?: String,
     ?   tenantId_eventId?: WebhookEventTenantId_eventIdCompoundUniqueInput,
     ?   AND?: WebhookEventWhereInput | WebhookEventWhereInput[],
     ?   OR?: WebhookEventWhereInput[],
     ?   NOT?: WebhookEventWhereInput | WebhookEventWhereInput[],
     ?   tenantId?: StringFilter | String,
     ?   eventType?: StringFilter | String,
     ?   rawPayload?: StringFilter | String,
     ?   status?: EnumWebhookStatusFilter | WebhookStatus,
     ?   attempts?: IntFilter | Int,
     ?   lastError?: StringNullableFilter | String | Null,
     ?   processedAt?: DateTimeNullableFilter | DateTime | Null,
     ?   createdAt?: DateTimeFilter | DateTime,
     ?   tenant?: TenantScalarRelationFilter | TenantWhereInput
       }
     })

Argument `where` of type WebhookEventWhereUniqueInput needs at least one of `id` or `tenantId_eventId` arguments. Available options are marked with ?.
   âœ“ PrismaWebhookRepository - Integration Tests > Idempotency > should return false for non-existent webhook  923ms
   Ã— PrismaWebhookRepository - Integration Tests > Idempotency > should handle concurrent duplicate checks 1805ms
     â†’ 
Invalid `ctx.prisma.webhookEvent.findUnique()` invocation in
/Users/mikeyoung/CODING/Elope/server/test/integration/webhook-repository.integration.spec.ts:107:51

  104 expect(checks.every(c => c === true)).toBe(true);
  105 
  106 // Verify final state
â†’ 107 const event = await ctx.prisma.webhookEvent.findUnique({
        where: {
          eventId: "evt_concurrent_789",
      ?   id?: String,
      ?   tenantId_eventId?: WebhookEventTenantId_eventIdCompoundUniqueInput,
      ?   AND?: WebhookEventWhereInput | WebhookEventWhereInput[],
      ?   OR?: WebhookEventWhereInput[],
      ?   NOT?: WebhookEventWhereInput | WebhookEventWhereInput[],
      ?   tenantId?: StringFilter | String,
      ?   eventType?: StringFilter | String,
      ?   rawPayload?: StringFilter | String,
      ?   status?: EnumWebhookStatusFilter | WebhookStatus,
      ?   attempts?: IntFilter | Int,
      ?   lastError?: StringNullableFilter | String | Null,
      ?   processedAt?: DateTimeNullableFilter | DateTime | Null,
      ?   createdAt?: DateTimeFilter | DateTime,
      ?   tenant?: TenantScalarRelationFilter | TenantWhereInput
        }
      })

Argument `where` of type WebhookEventWhereUniqueInput needs at least one of `id` or `tenantId_eventId` arguments. Available options are marked with ?.
   Ã— PrismaWebhookRepository - Integration Tests > Idempotency > should not mark already processed webhook as duplicate 1332ms
     â†’ 
Invalid `ctx.prisma.webhookEvent.findUnique()` invocation in
/Users/mikeyoung/CODING/Elope/server/test/integration/webhook-repository.integration.spec.ts:130:51

  127 expect(isDupe).toBe(true);
  128 
  129 // Verify status remains PROCESSED
â†’ 130 const event = await ctx.prisma.webhookEvent.findUnique({
        where: {
          eventId: "evt_already_processed",
      ?   id?: String,
      ?   tenantId_eventId?: WebhookEventTenantId_eventIdCompoundUniqueInput,
      ?   AND?: WebhookEventWhereInput | WebhookEventWhereInput[],
      ?   OR?: WebhookEventWhereInput[],
      ?   NOT?: WebhookEventWhereInput | WebhookEventWhereInput[],
      ?   tenantId?: StringFilter | String,
      ?   eventType?: StringFilter | String,
      ?   rawPayload?: StringFilter | String,
      ?   status?: EnumWebhookStatusFilter | WebhookStatus,
      ?   attempts?: IntFilter | Int,
      ?   lastError?: StringNullableFilter | String | Null,
      ?   processedAt?: DateTimeNullableFilter | DateTime | Null,
      ?   createdAt?: DateTimeFilter | DateTime,
      ?   tenant?: TenantScalarRelationFilter | TenantWhereInput
        }
      })

Argument `where` of type WebhookEventWhereUniqueInput needs at least one of `id` or `tenantId_eventId` arguments. Available options are marked with ?.
   âœ“ PrismaWebhookRepository - Integration Tests > Idempotency > should handle race condition on webhook recording  1470ms
   Ã— PrismaWebhookRepository - Integration Tests > Status Transitions > should mark webhook as PROCESSED 1201ms
     â†’ 
Invalid `ctx.prisma.webhookEvent.findUnique()` invocation in
/Users/mikeyoung/CODING/Elope/server/test/integration/webhook-repository.integration.spec.ts:176:51

  173 
  174 await repository.markProcessed(testTenantId, 'evt_process_456');
  175 
â†’ 176 const event = await ctx.prisma.webhookEvent.findUnique({
        where: {
          eventId: "evt_process_456",
      ?   id?: String,
      ?   tenantId_eventId?: WebhookEventTenantId_eventIdCompoundUniqueInput,
      ?   AND?: WebhookEventWhereInput | WebhookEventWhereInput[],
      ?   OR?: WebhookEventWhereInput[],
      ?   NOT?: WebhookEventWhereInput | WebhookEventWhereInput[],
      ?   tenantId?: StringFilter | String,
      ?   eventType?: StringFilter | String,
      ?   rawPayload?: StringFilter | String,
      ?   status?: EnumWebhookStatusFilter | WebhookStatus,
      ?   attempts?: IntFilter | Int,
      ?   lastError?: StringNullableFilter | String | Null,
      ?   processedAt?: DateTimeNullableFilter | DateTime | Null,
      ?   createdAt?: DateTimeFilter | DateTime,
      ?   tenant?: TenantScalarRelationFilter | TenantWhereInput
        }
      })

Argument `where` of type WebhookEventWhereUniqueInput needs at least one of `id` or `tenantId_eventId` arguments. Available options are marked with ?.
   Ã— PrismaWebhookRepository - Integration Tests > Status Transitions > should mark webhook as FAILED with error message 1073ms
     â†’ 
Invalid `ctx.prisma.webhookEvent.findUnique()` invocation in
/Users/mikeyoung/CODING/Elope/server/test/integration/webhook-repository.integration.spec.ts:196:51

  193 const errorMsg = 'Database connection timeout';
  194 await repository.markFailed(testTenantId, 'evt_fail_999', errorMsg);
  195 
â†’ 196 const event = await ctx.prisma.webhookEvent.findUnique({
        where: {
          eventId: "evt_fail_999",
      ?   id?: String,
      ?   tenantId_eventId?: WebhookEventTenantId_eventIdCompoundUniqueInput,
      ?   AND?: WebhookEventWhereInput | WebhookEventWhereInput[],
      ?   OR?: WebhookEventWhereInput[],
      ?   NOT?: WebhookEventWhereInput | WebhookEventWhereInput[],
      ?   tenantId?: StringFilter | String,
      ?   eventType?: StringFilter | String,
      ?   rawPayload?: StringFilter | String,
      ?   status?: EnumWebhookStatusFilter | WebhookStatus,
      ?   attempts?: IntFilter | Int,
      ?   lastError?: StringNullableFilter | String | Null,
      ?   processedAt?: DateTimeNullableFilter | DateTime | Null,
      ?   createdAt?: DateTimeFilter | DateTime,
      ?   tenant?: TenantScalarRelationFilter | TenantWhereInput
        }
      })

Argument `where` of type WebhookEventWhereUniqueInput needs at least one of `id` or `tenantId_eventId` arguments. Available options are marked with ?.
   Ã— PrismaWebhookRepository - Integration Tests > Status Transitions > should increment attempts on failure 972ms
     â†’ 
Invalid `ctx.prisma.webhookEvent.findUnique()` invocation in
/Users/mikeyoung/CODING/Elope/server/test/integration/webhook-repository.integration.spec.ts:215:53

  212 });
  213 
  214 // Get initial attempts
â†’ 215 const initial = await ctx.prisma.webhookEvent.findUnique({
        where: {
          eventId: "evt_retry_test",
      ?   id?: String,
      ?   tenantId_eventId?: WebhookEventTenantId_eventIdCompoundUniqueInput,
      ?   AND?: WebhookEventWhereInput | WebhookEventWhereInput[],
      ?   OR?: WebhookEventWhereInput[],
      ?   NOT?: WebhookEventWhereInput | WebhookEventWhereInput[],
      ?   tenantId?: StringFilter | String,
      ?   eventType?: StringFilter | String,
      ?   rawPayload?: StringFilter | String,
      ?   status?: EnumWebhookStatusFilter | WebhookStatus,
      ?   attempts?: IntFilter | Int,
      ?   lastError?: StringNullableFilter | String | Null,
      ?   processedAt?: DateTimeNullableFilter | DateTime | Null,
      ?   createdAt?: DateTimeFilter | DateTime,
      ?   tenant?: TenantScalarRelationFilter | TenantWhereInput
        }
      })

Argument `where` of type WebhookEventWhereUniqueInput needs at least one of `id` or `tenantId_eventId` arguments. Available options are marked with ?.
   Ã— PrismaWebhookRepository - Integration Tests > Status Transitions > should transition from PENDING to PROCESSED 980ms
     â†’ 
Invalid `ctx.prisma.webhookEvent.findUnique()` invocation in
/Users/mikeyoung/CODING/Elope/server/test/integration/webhook-repository.integration.spec.ts:252:49

  249 });
  250 
  251 // Verify PENDING
â†’ 252 let event = await ctx.prisma.webhookEvent.findUnique({
        where: {
          eventId: "evt_transition_pending_processed",
      ?   id?: String,
      ?   tenantId_eventId?: WebhookEventTenantId_eventIdCompoundUniqueInput,
      ?   AND?: WebhookEventWhereInput | WebhookEventWhereInput[],
      ?   OR?: WebhookEventWhereInput[],
      ?   NOT?: WebhookEventWhereInput | WebhookEventWhereInput[],
      ?   tenantId?: StringFilter | String,
      ?   eventType?: StringFilter | String,
      ?   rawPayload?: StringFilter | String,
      ?   status?: EnumWebhookStatusFilter | WebhookStatus,
      ?   attempts?: IntFilter | Int,
      ?   lastError?: StringNullableFilter | String | Null,
      ?   processedAt?: DateTimeNullableFilter | DateTime | Null,
      ?   createdAt?: DateTimeFilter | DateTime,
      ?   tenant?: TenantScalarRelationFilter | TenantWhereInput
        }
      })

Argument `where` of type WebhookEventWhereUniqueInput needs at least one of `id` or `tenantId_eventId` arguments. Available options are marked with ?.
   Ã— PrismaWebhookRepository - Integration Tests > Status Transitions > should transition from PENDING to FAILED 976ms
     â†’ 
Invalid `ctx.prisma.webhookEvent.findUnique()` invocation in
/Users/mikeyoung/CODING/Elope/server/test/integration/webhook-repository.integration.spec.ts:279:49

  276 });
  277 
  278 // Verify PENDING
â†’ 279 let event = await ctx.prisma.webhookEvent.findUnique({
        where: {
          eventId: "evt_transition_pending_failed",
      ?   id?: String,
      ?   tenantId_eventId?: WebhookEventTenantId_eventIdCompoundUniqueInput,
      ?   AND?: WebhookEventWhereInput | WebhookEventWhereInput[],
      ?   OR?: WebhookEventWhereInput[],
      ?   NOT?: WebhookEventWhereInput | WebhookEventWhereInput[],
      ?   tenantId?: StringFilter | String,
      ?   eventType?: StringFilter | String,
      ?   rawPayload?: StringFilter | String,
      ?   status?: EnumWebhookStatusFilter | WebhookStatus,
      ?   attempts?: IntFilter | Int,
      ?   lastError?: StringNullableFilter | String | Null,
      ?   processedAt?: DateTimeNullableFilter | DateTime | Null,
      ?   createdAt?: DateTimeFilter | DateTime,
      ?   tenant?: TenantScalarRelationFilter | TenantWhereInput
        }
      })

Argument `where` of type WebhookEventWhereUniqueInput needs at least one of `id` or `tenantId_eventId` arguments. Available options are marked with ?.
   Ã— PrismaWebhookRepository - Integration Tests > Data Integrity > should store complete raw payload 1027ms
     â†’ 
Invalid `ctx.prisma.webhookEvent.findUnique()` invocation in
/Users/mikeyoung/CODING/Elope/server/test/integration/webhook-repository.integration.spec.ts:322:51

  319   rawPayload: JSON.stringify(complexPayload),
  320 });
  321 
â†’ 322 const event = await ctx.prisma.webhookEvent.findUnique({
        where: {
          eventId: "evt_complex",
      ?   id?: String,
      ?   tenantId_eventId?: WebhookEventTenantId_eventIdCompoundUniqueInput,
      ?   AND?: WebhookEventWhereInput | WebhookEventWhereInput[],
      ?   OR?: WebhookEventWhereInput[],
      ?   NOT?: WebhookEventWhereInput | WebhookEventWhereInput[],
      ?   tenantId?: StringFilter | String,
      ?   eventType?: StringFilter | String,
      ?   rawPayload?: StringFilter | String,
      ?   status?: EnumWebhookStatusFilter | WebhookStatus,
      ?   attempts?: IntFilter | Int,
      ?   lastError?: StringNullableFilter | String | Null,
      ?   processedAt?: DateTimeNullableFilter | DateTime | Null,
      ?   createdAt?: DateTimeFilter | DateTime,
      ?   tenant?: TenantScalarRelationFilter | TenantWhereInput
        }
      })

Argument `where` of type WebhookEventWhereUniqueInput needs at least one of `id` or `tenantId_eventId` arguments. Available options are marked with ?.
   âœ“ PrismaWebhookRepository - Integration Tests > Data Integrity > should store different event types  1200ms
   Ã— PrismaWebhookRepository - Integration Tests > Data Integrity > should maintain timestamps correctly 999ms
     â†’ 
Invalid `ctx.prisma.webhookEvent.findUnique()` invocation in
/Users/mikeyoung/CODING/Elope/server/test/integration/webhook-repository.integration.spec.ts:369:53

  366   rawPayload: JSON.stringify({ data: 'timestamp' }),
  367 });
  368 
â†’ 369 const initial = await ctx.prisma.webhookEvent.findUnique({
        where: {
          eventId: "evt_timestamp_test",
      ?   id?: String,
      ?   tenantId_eventId?: WebhookEventTenantId_eventIdCompoundUniqueInput,
      ?   AND?: WebhookEventWhereInput | WebhookEventWhereInput[],
      ?   OR?: WebhookEventWhereInput[],
      ?   NOT?: WebhookEventWhereInput | WebhookEventWhereInput[],
      ?   tenantId?: StringFilter | String,
      ?   eventType?: StringFilter | String,
      ?   rawPayload?: StringFilter | String,
      ?   status?: EnumWebhookStatusFilter | WebhookStatus,
      ?   attempts?: IntFilter | Int,
      ?   lastError?: StringNullableFilter | String | Null,
      ?   processedAt?: DateTimeNullableFilter | DateTime | Null,
      ?   createdAt?: DateTimeFilter | DateTime,
      ?   tenant?: TenantScalarRelationFilter | TenantWhereInput
        }
      })

Argument `where` of type WebhookEventWhereUniqueInput needs at least one of `id` or `tenantId_eventId` arguments. Available options are marked with ?.
   Ã— PrismaWebhookRepository - Integration Tests > Edge Cases > should handle empty payload 959ms
     â†’ 
Invalid `ctx.prisma.webhookEvent.findUnique()` invocation in
/Users/mikeyoung/CODING/Elope/server/test/integration/webhook-repository.integration.spec.ts:402:51

  399   rawPayload: '',
  400 });
  401 
â†’ 402 const event = await ctx.prisma.webhookEvent.findUnique({
        where: {
          eventId: "evt_empty_payload",
      ?   id?: String,
      ?   tenantId_eventId?: WebhookEventTenantId_eventIdCompoundUniqueInput,
      ?   AND?: WebhookEventWhereInput | WebhookEventWhereInput[],
      ?   OR?: WebhookEventWhereInput[],
      ?   NOT?: WebhookEventWhereInput | WebhookEventWhereInput[],
      ?   tenantId?: StringFilter | String,
      ?   eventType?: StringFilter | String,
      ?   rawPayload?: StringFilter | String,
      ?   status?: EnumWebhookStatusFilter | WebhookStatus,
      ?   attempts?: IntFilter | Int,
      ?   lastError?: StringNullableFilter | String | Null,
      ?   processedAt?: DateTimeNullableFilter | DateTime | Null,
      ?   createdAt?: DateTimeFilter | DateTime,
      ?   tenant?: TenantScalarRelationFilter | TenantWhereInput
        }
      })

Argument `where` of type WebhookEventWhereUniqueInput needs at least one of `id` or `tenantId_eventId` arguments. Available options are marked with ?.
   Ã— PrismaWebhookRepository - Integration Tests > Edge Cases > should handle very long error messages 1020ms
     â†’ 
Invalid `ctx.prisma.webhookEvent.findUnique()` invocation in
/Users/mikeyoung/CODING/Elope/server/test/integration/webhook-repository.integration.spec.ts:422:51

  419 
  420 await repository.markFailed(testTenantId, eventId, longError);
  421 
â†’ 422 const event = await ctx.prisma.webhookEvent.findUnique({
        where: {
          eventId: "evt_long_error",
      ?   id?: String,
      ?   tenantId_eventId?: WebhookEventTenantId_eventIdCompoundUniqueInput,
      ?   AND?: WebhookEventWhereInput | WebhookEventWhereInput[],
      ?   OR?: WebhookEventWhereInput[],
      ?   NOT?: WebhookEventWhereInput | WebhookEventWhereInput[],
      ?   tenantId?: StringFilter | String,
      ?   eventType?: StringFilter | String,
      ?   rawPayload?: StringFilter | String,
      ?   status?: EnumWebhookStatusFilter | WebhookStatus,
      ?   attempts?: IntFilter | Int,
      ?   lastError?: StringNullableFilter | String | Null,
      ?   processedAt?: DateTimeNullableFilter | DateTime | Null,
      ?   createdAt?: DateTimeFilter | DateTime,
      ?   tenant?: TenantScalarRelationFilter | TenantWhereInput
        }
      })

Argument `where` of type WebhookEventWhereUniqueInput needs at least one of `id` or `tenantId_eventId` arguments. Available options are marked with ?.
   Ã— PrismaWebhookRepository - Integration Tests > Edge Cases > should handle special characters in event IDs 940ms
     â†’ 
Invalid `ctx.prisma.webhookEvent.findUnique()` invocation in
/Users/mikeyoung/CODING/Elope/server/test/integration/webhook-repository.integration.spec.ts:438:51

  435   rawPayload: JSON.stringify({ data: 'special' }),
  436 });
  437 
â†’ 438 const event = await ctx.prisma.webhookEvent.findUnique({
        where: {
          eventId: "evt_test_special-chars_123.456",
      ?   id?: String,
      ?   tenantId_eventId?: WebhookEventTenantId_eventIdCompoundUniqueInput,
      ?   AND?: WebhookEventWhereInput | WebhookEventWhereInput[],
      ?   OR?: WebhookEventWhereInput[],
      ?   NOT?: WebhookEventWhereInput | WebhookEventWhereInput[],
      ?   tenantId?: StringFilter | String,
      ?   eventType?: StringFilter | String,
      ?   rawPayload?: StringFilter | String,
      ?   status?: EnumWebhookStatusFilter | WebhookStatus,
      ?   attempts?: IntFilter | Int,
      ?   lastError?: StringNullableFilter | String | Null,
      ?   processedAt?: DateTimeNullableFilter | DateTime | Null,
      ?   createdAt?: DateTimeFilter | DateTime,
      ?   tenant?: TenantScalarRelationFilter | TenantWhereInput
        }
      })

Argument `where` of type WebhookEventWhereUniqueInput needs at least one of `id` or `tenantId_eventId` arguments. Available options are marked with ?.
[17:12:40] [32mINFO[39m: [36mCache flushed[39m
 âœ“ test/integration/cache-isolation.integration.spec.ts (17 tests | 5 skipped) 22923ms
   âœ“ Cache Tenant Isolation - Integration Tests > Cache Key Generation > should generate cache keys with tenantId prefix for getAllPackages  2518ms
   âœ“ Cache Tenant Isolation - Integration Tests > Cache Key Generation > should generate cache keys with tenantId prefix for getPackageBySlug  1478ms
   âœ“ Cache Tenant Isolation - Integration Tests > Cross-Tenant Cache Isolation > should not return cached data for different tenant (getAllPackages)  1607ms
   âœ“ Cache Tenant Isolation - Integration Tests > Cross-Tenant Cache Isolation > should not return cached data for different tenant (getPackageBySlug)  1548ms
   âœ“ Cache Tenant Isolation - Integration Tests > Cross-Tenant Cache Isolation > should maintain separate cache entries for same resource across tenants  1629ms
   âœ“ Cache Tenant Isolation - Integration Tests > Cache Invalidation Scoping > should invalidate cache only for specific tenant (getAllPackages)  1916ms
   âœ“ Cache Tenant Isolation - Integration Tests > Cache Invalidation Scoping > should invalidate cache only for specific tenant (getPackageBySlug)  1946ms
   âœ“ Cache Tenant Isolation - Integration Tests > Cache Invalidation Scoping > should invalidate both all-packages and specific package caches on update  1961ms
   âœ“ Cache Tenant Isolation - Integration Tests > Cache Invalidation Scoping > should invalidate tenant cache on package deletion  1899ms
   âœ“ Cache Tenant Isolation - Integration Tests > Concurrent Cache Operations Across Tenants > should handle concurrent reads from multiple tenants without leakage  2311ms
   âœ“ Cache Tenant Isolation - Integration Tests > Concurrent Cache Operations Across Tenants > should handle concurrent updates from different tenants  2276ms
   âœ“ Cache Tenant Isolation - Integration Tests > Concurrent Cache Operations Across Tenants > should handle cache hits and misses correctly under concurrent load  1832ms
 âœ“ test/integration/catalog.repository.integration.spec.ts (33 tests | 2 skipped) 47859ms
   âœ“ PrismaCatalogRepository - Integration Tests > Package Operations > should create package successfully  2084ms
   âœ“ PrismaCatalogRepository - Integration Tests > Package Operations > should enforce unique slug constraint  1165ms
   âœ“ PrismaCatalogRepository - Integration Tests > Package Operations > should get package by slug  1145ms
   âœ“ PrismaCatalogRepository - Integration Tests > Package Operations > should return null for non-existent slug  1005ms
   âœ“ PrismaCatalogRepository - Integration Tests > Package Operations > should get all packages  1316ms
   âœ“ PrismaCatalogRepository - Integration Tests > Package Operations > should update package  1282ms
   âœ“ PrismaCatalogRepository - Integration Tests > Package Operations > should throw error when updating non-existent package  1040ms
   âœ“ PrismaCatalogRepository - Integration Tests > Package Operations > should prevent duplicate slug on update  1275ms
   âœ“ PrismaCatalogRepository - Integration Tests > Package Operations > should delete package  1395ms
   âœ“ PrismaCatalogRepository - Integration Tests > Package Operations > should throw error when deleting non-existent package  1008ms
   âœ“ PrismaCatalogRepository - Integration Tests > Add-On Operations > should create add-on successfully  1657ms
   âœ“ PrismaCatalogRepository - Integration Tests > Add-On Operations > should throw error when creating add-on for non-existent package  1226ms
   âœ“ PrismaCatalogRepository - Integration Tests > Add-On Operations > should get add-ons by package ID  1960ms
   âœ“ PrismaCatalogRepository - Integration Tests > Add-On Operations > should return empty array for package with no add-ons  1104ms
   âœ“ PrismaCatalogRepository - Integration Tests > Add-On Operations > should update add-on  1882ms
   âœ“ PrismaCatalogRepository - Integration Tests > Add-On Operations > should throw error when updating non-existent add-on  1094ms
   âœ“ PrismaCatalogRepository - Integration Tests > Add-On Operations > should delete add-on  1609ms
   âœ“ PrismaCatalogRepository - Integration Tests > Add-On Operations > should throw error when deleting non-existent add-on  1091ms
   âœ“ PrismaCatalogRepository - Integration Tests > Query Optimization > should fetch all packages with add-ons in single query  2508ms
   âœ“ PrismaCatalogRepository - Integration Tests > Query Optimization > should efficiently query add-ons with package filter  2370ms
   âœ“ PrismaCatalogRepository - Integration Tests > Query Optimization > should handle large number of add-ons efficiently  4047ms
   âœ“ PrismaCatalogRepository - Integration Tests > Data Integrity > should store complete package data  1433ms
   âœ“ PrismaCatalogRepository - Integration Tests > Data Integrity > should handle empty descriptions  1117ms
   âœ“ PrismaCatalogRepository - Integration Tests > Data Integrity > should generate unique slugs for add-ons  1985ms
   âœ“ PrismaCatalogRepository - Integration Tests > Edge Cases > should handle very long titles  1103ms
   âœ“ PrismaCatalogRepository - Integration Tests > Edge Cases > should handle special characters in slug  1195ms
   âœ“ PrismaCatalogRepository - Integration Tests > Edge Cases > should handle zero price  1400ms
   âœ“ PrismaCatalogRepository - Integration Tests > Edge Cases > should handle very high prices  1052ms
   âœ“ PrismaCatalogRepository - Integration Tests > Edge Cases > should handle package update race condition  1722ms
   âœ“ PrismaCatalogRepository - Integration Tests > Ordering and Sorting > should return packages in creation order  1619ms
   âœ“ PrismaCatalogRepository - Integration Tests > Ordering and Sorting > should return add-ons in creation order  1962ms

âŽ¯âŽ¯âŽ¯âŽ¯âŽ¯âŽ¯ Failed Tests 28 âŽ¯âŽ¯âŽ¯âŽ¯âŽ¯âŽ¯âŽ¯

 FAIL  test/integration/booking-race-conditions.spec.ts > Booking Race Conditions - Integration Tests > Transaction Isolation > should rollback on error with no partial data committed
PrismaClientKnownRequestError: 
Invalid `ctx.prisma.customer.findFirst()` invocation in
/Users/mikeyoung/CODING/Elope/server/test/integration/booking-race-conditions.spec.ts:290:50

  287   .toThrow();
  288 
  289 // Verify no customer was created (rollback worked)
â†’ 290 const customer = await ctx.prisma.customer.findFirst(
The column `Customer.tenantId` does not exist in the current database.
 â¯ ei.handleRequestError src/generated/prisma/runtime/library.js:124:7268
 â¯ ei.handleAndLogRequestError src/generated/prisma/runtime/library.js:124:6593
 â¯ ei.request src/generated/prisma/runtime/library.js:124:6300
 â¯ a src/generated/prisma/runtime/library.js:133:9551
 â¯ test/integration/booking-race-conditions.spec.ts:290:24
    288| 
    289|       // Verify no customer was created (rollback worked)
    290|       const customer = await ctx.prisma.customer.findFirst({
       |                        ^
    291|         where: { tenantId: testTenantId, email: 'rollback@example.com'â€¦
    292|       });

âŽ¯âŽ¯âŽ¯âŽ¯âŽ¯âŽ¯âŽ¯âŽ¯âŽ¯âŽ¯âŽ¯âŽ¯âŽ¯âŽ¯âŽ¯âŽ¯âŽ¯âŽ¯âŽ¯âŽ¯âŽ¯âŽ¯âŽ¯[1/28]âŽ¯

 FAIL  test/integration/booking-repository.integration.spec.ts > PrismaBookingRepository - Integration Tests > Data Integrity > should rollback on error (no partial data)
PrismaClientKnownRequestError: 
Invalid `ctx.prisma.customer.count()` invocation in
/Users/mikeyoung/CODING/Elope/server/test/integration/booking-repository.integration.spec.ts:245:55

  242 }
  243 
  244 // Verify NO partial data committed
â†’ 245 const customerCount = await ctx.prisma.customer.count(
The column `Customer.tenantId` does not exist in the current database.
 â¯ ei.handleRequestError src/generated/prisma/runtime/library.js:124:7268
 â¯ ei.handleAndLogRequestError src/generated/prisma/runtime/library.js:124:6593
 â¯ ei.request src/generated/prisma/runtime/library.js:124:6300
 â¯ a src/generated/prisma/runtime/library.js:133:9551
 â¯ test/integration/booking-repository.integration.spec.ts:245:29
    243| 
    244|       // Verify NO partial data committed
    245|       const customerCount = await ctx.prisma.customer.count({
       |                             ^
    246|         where: { tenantId: testTenantId, email: booking.email },
    247|       });

âŽ¯âŽ¯âŽ¯âŽ¯âŽ¯âŽ¯âŽ¯âŽ¯âŽ¯âŽ¯âŽ¯âŽ¯âŽ¯âŽ¯âŽ¯âŽ¯âŽ¯âŽ¯âŽ¯âŽ¯âŽ¯âŽ¯âŽ¯[2/28]âŽ¯

 FAIL  test/integration/webhook-repository.integration.spec.ts > PrismaWebhookRepository - Integration Tests > Idempotency > should record webhook successfully
PrismaClientValidationError: 
Invalid `ctx.prisma.webhookEvent.findUnique()` invocation in
/Users/mikeyoung/CODING/Elope/server/test/integration/webhook-repository.integration.spec.ts:48:51

  45 
  46 await repository.recordWebhook({ tenantId: testTenantId, ...webhook });
  47 
â†’ 48 const event = await ctx.prisma.webhookEvent.findUnique({
       where: {
         eventId: "evt_test_12345",
     ?   id?: String,
     ?   tenantId_eventId?: WebhookEventTenantId_eventIdCompoundUniqueInput,
     ?   AND?: WebhookEventWhereInput | WebhookEventWhereInput[],
     ?   OR?: WebhookEventWhereInput[],
     ?   NOT?: WebhookEventWhereInput | WebhookEventWhereInput[],
     ?   tenantId?: StringFilter | String,
     ?   eventType?: StringFilter | String,
     ?   rawPayload?: StringFilter | String,
     ?   status?: EnumWebhookStatusFilter | WebhookStatus,
     ?   attempts?: IntFilter | Int,
     ?   lastError?: StringNullableFilter | String | Null,
     ?   processedAt?: DateTimeNullableFilter | DateTime | Null,
     ?   createdAt?: DateTimeFilter | DateTime,
     ?   tenant?: TenantScalarRelationFilter | TenantWhereInput
       }
     })

Argument `where` of type WebhookEventWhereUniqueInput needs at least one of `id` or `tenantId_eventId` arguments. Available options are marked with ?.
 â¯ Nn src/generated/prisma/runtime/library.js:32:1363
 â¯ ei.handleRequestError src/generated/prisma/runtime/library.js:124:6911
 â¯ ei.handleAndLogRequestError src/generated/prisma/runtime/library.js:124:6593
 â¯ ei.request src/generated/prisma/runtime/library.js:124:6300
 â¯ a src/generated/prisma/runtime/library.js:133:9551
 â¯ test/integration/webhook-repository.integration.spec.ts:48:21
     46|       await repository.recordWebhook({ tenantId: testTenantId, ...webhâ€¦
     47| 
     48|       const event = await ctx.prisma.webhookEvent.findUnique({
       |                     ^
     49|         where: { eventId: 'evt_test_12345' },
     50|       });

âŽ¯âŽ¯âŽ¯âŽ¯âŽ¯âŽ¯âŽ¯âŽ¯âŽ¯âŽ¯âŽ¯âŽ¯âŽ¯âŽ¯âŽ¯âŽ¯âŽ¯âŽ¯âŽ¯âŽ¯âŽ¯âŽ¯âŽ¯[3/28]âŽ¯

 FAIL  test/integration/webhook-repository.integration.spec.ts > PrismaWebhookRepository - Integration Tests > Idempotency > should detect duplicate webhooks
PrismaClientValidationError: 
Invalid `ctx.prisma.webhookEvent.findUnique()` invocation in
/Users/mikeyoung/CODING/Elope/server/test/integration/webhook-repository.integration.spec.ts:74:51

  71 expect(isDupe).toBe(true);
  72 
  73 // Verify status updated to DUPLICATE
â†’ 74 const event = await ctx.prisma.webhookEvent.findUnique({
       where: {
         eventId: "evt_test_duplicate",
     ?   id?: String,
     ?   tenantId_eventId?: WebhookEventTenantId_eventIdCompoundUniqueInput,
     ?   AND?: WebhookEventWhereInput | WebhookEventWhereInput[],
     ?   OR?: WebhookEventWhereInput[],
     ?   NOT?: WebhookEventWhereInput | WebhookEventWhereInput[],
     ?   tenantId?: StringFilter | String,
     ?   eventType?: StringFilter | String,
     ?   rawPayload?: StringFilter | String,
     ?   status?: EnumWebhookStatusFilter | WebhookStatus,
     ?   attempts?: IntFilter | Int,
     ?   lastError?: StringNullableFilter | String | Null,
     ?   processedAt?: DateTimeNullableFilter | DateTime | Null,
     ?   createdAt?: DateTimeFilter | DateTime,
     ?   tenant?: TenantScalarRelationFilter | TenantWhereInput
       }
     })

Argument `where` of type WebhookEventWhereUniqueInput needs at least one of `id` or `tenantId_eventId` arguments. Available options are marked with ?.
 â¯ Nn src/generated/prisma/runtime/library.js:32:1363
 â¯ ei.handleRequestError src/generated/prisma/runtime/library.js:124:6911
 â¯ ei.handleAndLogRequestError src/generated/prisma/runtime/library.js:124:6593
 â¯ ei.request src/generated/prisma/runtime/library.js:124:6300
 â¯ a src/generated/prisma/runtime/library.js:133:9551
 â¯ test/integration/webhook-repository.integration.spec.ts:74:21
     72| 
     73|       // Verify status updated to DUPLICATE
     74|       const event = await ctx.prisma.webhookEvent.findUnique({
       |                     ^
     75|         where: { eventId: 'evt_test_duplicate' },
     76|       });

âŽ¯âŽ¯âŽ¯âŽ¯âŽ¯âŽ¯âŽ¯âŽ¯âŽ¯âŽ¯âŽ¯âŽ¯âŽ¯âŽ¯âŽ¯âŽ¯âŽ¯âŽ¯âŽ¯âŽ¯âŽ¯âŽ¯âŽ¯[4/28]âŽ¯

 FAIL  test/integration/webhook-repository.integration.spec.ts > PrismaWebhookRepository - Integration Tests > Idempotency > should handle concurrent duplicate checks
PrismaClientValidationError: 
Invalid `ctx.prisma.webhookEvent.findUnique()` invocation in
/Users/mikeyoung/CODING/Elope/server/test/integration/webhook-repository.integration.spec.ts:107:51

  104 expect(checks.every(c => c === true)).toBe(true);
  105 
  106 // Verify final state
â†’ 107 const event = await ctx.prisma.webhookEvent.findUnique({
        where: {
          eventId: "evt_concurrent_789",
      ?   id?: String,
      ?   tenantId_eventId?: WebhookEventTenantId_eventIdCompoundUniqueInput,
      ?   AND?: WebhookEventWhereInput | WebhookEventWhereInput[],
      ?   OR?: WebhookEventWhereInput[],
      ?   NOT?: WebhookEventWhereInput | WebhookEventWhereInput[],
      ?   tenantId?: StringFilter | String,
      ?   eventType?: StringFilter | String,
      ?   rawPayload?: StringFilter | String,
      ?   status?: EnumWebhookStatusFilter | WebhookStatus,
      ?   attempts?: IntFilter | Int,
      ?   lastError?: StringNullableFilter | String | Null,
      ?   processedAt?: DateTimeNullableFilter | DateTime | Null,
      ?   createdAt?: DateTimeFilter | DateTime,
      ?   tenant?: TenantScalarRelationFilter | TenantWhereInput
        }
      })

Argument `where` of type WebhookEventWhereUniqueInput needs at least one of `id` or `tenantId_eventId` arguments. Available options are marked with ?.
 â¯ Nn src/generated/prisma/runtime/library.js:32:1363
 â¯ ei.handleRequestError src/generated/prisma/runtime/library.js:124:6911
 â¯ ei.handleAndLogRequestError src/generated/prisma/runtime/library.js:124:6593
 â¯ ei.request src/generated/prisma/runtime/library.js:124:6300
 â¯ a src/generated/prisma/runtime/library.js:133:9551
 â¯ test/integration/webhook-repository.integration.spec.ts:107:21
    105| 
    106|       // Verify final state
    107|       const event = await ctx.prisma.webhookEvent.findUnique({
       |                     ^
    108|         where: { eventId: 'evt_concurrent_789' },
    109|       });

âŽ¯âŽ¯âŽ¯âŽ¯âŽ¯âŽ¯âŽ¯âŽ¯âŽ¯âŽ¯âŽ¯âŽ¯âŽ¯âŽ¯âŽ¯âŽ¯âŽ¯âŽ¯âŽ¯âŽ¯âŽ¯âŽ¯âŽ¯[5/28]âŽ¯

 FAIL  test/integration/webhook-repository.integration.spec.ts > PrismaWebhookRepository - Integration Tests > Idempotency > should not mark already processed webhook as duplicate
PrismaClientValidationError: 
Invalid `ctx.prisma.webhookEvent.findUnique()` invocation in
/Users/mikeyoung/CODING/Elope/server/test/integration/webhook-repository.integration.spec.ts:130:51

  127 expect(isDupe).toBe(true);
  128 
  129 // Verify status remains PROCESSED
â†’ 130 const event = await ctx.prisma.webhookEvent.findUnique({
        where: {
          eventId: "evt_already_processed",
      ?   id?: String,
      ?   tenantId_eventId?: WebhookEventTenantId_eventIdCompoundUniqueInput,
      ?   AND?: WebhookEventWhereInput | WebhookEventWhereInput[],
      ?   OR?: WebhookEventWhereInput[],
      ?   NOT?: WebhookEventWhereInput | WebhookEventWhereInput[],
      ?   tenantId?: StringFilter | String,
      ?   eventType?: StringFilter | String,
      ?   rawPayload?: StringFilter | String,
      ?   status?: EnumWebhookStatusFilter | WebhookStatus,
      ?   attempts?: IntFilter | Int,
      ?   lastError?: StringNullableFilter | String | Null,
      ?   processedAt?: DateTimeNullableFilter | DateTime | Null,
      ?   createdAt?: DateTimeFilter | DateTime,
      ?   tenant?: TenantScalarRelationFilter | TenantWhereInput
        }
      })

Argument `where` of type WebhookEventWhereUniqueInput needs at least one of `id` or `tenantId_eventId` arguments. Available options are marked with ?.
 â¯ Nn src/generated/prisma/runtime/library.js:32:1363
 â¯ ei.handleRequestError src/generated/prisma/runtime/library.js:124:6911
 â¯ ei.handleAndLogRequestError src/generated/prisma/runtime/library.js:124:6593
 â¯ ei.request src/generated/prisma/runtime/library.js:124:6300
 â¯ a src/generated/prisma/runtime/library.js:133:9551
 â¯ test/integration/webhook-repository.integration.spec.ts:130:21
    128| 
    129|       // Verify status remains PROCESSED
    130|       const event = await ctx.prisma.webhookEvent.findUnique({
       |                     ^
    131|         where: { eventId: 'evt_already_processed' },
    132|       });

âŽ¯âŽ¯âŽ¯âŽ¯âŽ¯âŽ¯âŽ¯âŽ¯âŽ¯âŽ¯âŽ¯âŽ¯âŽ¯âŽ¯âŽ¯âŽ¯âŽ¯âŽ¯âŽ¯âŽ¯âŽ¯âŽ¯âŽ¯[6/28]âŽ¯

 FAIL  test/integration/webhook-repository.integration.spec.ts > PrismaWebhookRepository - Integration Tests > Status Transitions > should mark webhook as PROCESSED
PrismaClientValidationError: 
Invalid `ctx.prisma.webhookEvent.findUnique()` invocation in
/Users/mikeyoung/CODING/Elope/server/test/integration/webhook-repository.integration.spec.ts:176:51

  173 
  174 await repository.markProcessed(testTenantId, 'evt_process_456');
  175 
â†’ 176 const event = await ctx.prisma.webhookEvent.findUnique({
        where: {
          eventId: "evt_process_456",
      ?   id?: String,
      ?   tenantId_eventId?: WebhookEventTenantId_eventIdCompoundUniqueInput,
      ?   AND?: WebhookEventWhereInput | WebhookEventWhereInput[],
      ?   OR?: WebhookEventWhereInput[],
      ?   NOT?: WebhookEventWhereInput | WebhookEventWhereInput[],
      ?   tenantId?: StringFilter | String,
      ?   eventType?: StringFilter | String,
      ?   rawPayload?: StringFilter | String,
      ?   status?: EnumWebhookStatusFilter | WebhookStatus,
      ?   attempts?: IntFilter | Int,
      ?   lastError?: StringNullableFilter | String | Null,
      ?   processedAt?: DateTimeNullableFilter | DateTime | Null,
      ?   createdAt?: DateTimeFilter | DateTime,
      ?   tenant?: TenantScalarRelationFilter | TenantWhereInput
        }
      })

Argument `where` of type WebhookEventWhereUniqueInput needs at least one of `id` or `tenantId_eventId` arguments. Available options are marked with ?.
 â¯ Nn src/generated/prisma/runtime/library.js:32:1363
 â¯ ei.handleRequestError src/generated/prisma/runtime/library.js:124:6911
 â¯ ei.handleAndLogRequestError src/generated/prisma/runtime/library.js:124:6593
 â¯ ei.request src/generated/prisma/runtime/library.js:124:6300
 â¯ a src/generated/prisma/runtime/library.js:133:9551
 â¯ test/integration/webhook-repository.integration.spec.ts:176:21
    174|       await repository.markProcessed(testTenantId, 'evt_process_456');
    175| 
    176|       const event = await ctx.prisma.webhookEvent.findUnique({
       |                     ^
    177|         where: { eventId: 'evt_process_456' },
    178|       });

âŽ¯âŽ¯âŽ¯âŽ¯âŽ¯âŽ¯âŽ¯âŽ¯âŽ¯âŽ¯âŽ¯âŽ¯âŽ¯âŽ¯âŽ¯âŽ¯âŽ¯âŽ¯âŽ¯âŽ¯âŽ¯âŽ¯âŽ¯[7/28]âŽ¯

 FAIL  test/integration/webhook-repository.integration.spec.ts > PrismaWebhookRepository - Integration Tests > Status Transitions > should mark webhook as FAILED with error message
PrismaClientValidationError: 
Invalid `ctx.prisma.webhookEvent.findUnique()` invocation in
/Users/mikeyoung/CODING/Elope/server/test/integration/webhook-repository.integration.spec.ts:196:51

  193 const errorMsg = 'Database connection timeout';
  194 await repository.markFailed(testTenantId, 'evt_fail_999', errorMsg);
  195 
â†’ 196 const event = await ctx.prisma.webhookEvent.findUnique({
        where: {
          eventId: "evt_fail_999",
      ?   id?: String,
      ?   tenantId_eventId?: WebhookEventTenantId_eventIdCompoundUniqueInput,
      ?   AND?: WebhookEventWhereInput | WebhookEventWhereInput[],
      ?   OR?: WebhookEventWhereInput[],
      ?   NOT?: WebhookEventWhereInput | WebhookEventWhereInput[],
      ?   tenantId?: StringFilter | String,
      ?   eventType?: StringFilter | String,
      ?   rawPayload?: StringFilter | String,
      ?   status?: EnumWebhookStatusFilter | WebhookStatus,
      ?   attempts?: IntFilter | Int,
      ?   lastError?: StringNullableFilter | String | Null,
      ?   processedAt?: DateTimeNullableFilter | DateTime | Null,
      ?   createdAt?: DateTimeFilter | DateTime,
      ?   tenant?: TenantScalarRelationFilter | TenantWhereInput
        }
      })

Argument `where` of type WebhookEventWhereUniqueInput needs at least one of `id` or `tenantId_eventId` arguments. Available options are marked with ?.
 â¯ Nn src/generated/prisma/runtime/library.js:32:1363
 â¯ ei.handleRequestError src/generated/prisma/runtime/library.js:124:6911
 â¯ ei.handleAndLogRequestError src/generated/prisma/runtime/library.js:124:6593
 â¯ ei.request src/generated/prisma/runtime/library.js:124:6300
 â¯ a src/generated/prisma/runtime/library.js:133:9551
 â¯ test/integration/webhook-repository.integration.spec.ts:196:21
    194|       await repository.markFailed(testTenantId, 'evt_fail_999', errorMâ€¦
    195| 
    196|       const event = await ctx.prisma.webhookEvent.findUnique({
       |                     ^
    197|         where: { eventId: 'evt_fail_999' },
    198|       });

âŽ¯âŽ¯âŽ¯âŽ¯âŽ¯âŽ¯âŽ¯âŽ¯âŽ¯âŽ¯âŽ¯âŽ¯âŽ¯âŽ¯âŽ¯âŽ¯âŽ¯âŽ¯âŽ¯âŽ¯âŽ¯âŽ¯âŽ¯[8/28]âŽ¯

 FAIL  test/integration/webhook-repository.integration.spec.ts > PrismaWebhookRepository - Integration Tests > Status Transitions > should increment attempts on failure
PrismaClientValidationError: 
Invalid `ctx.prisma.webhookEvent.findUnique()` invocation in
/Users/mikeyoung/CODING/Elope/server/test/integration/webhook-repository.integration.spec.ts:215:53

  212 });
  213 
  214 // Get initial attempts
â†’ 215 const initial = await ctx.prisma.webhookEvent.findUnique({
        where: {
          eventId: "evt_retry_test",
      ?   id?: String,
      ?   tenantId_eventId?: WebhookEventTenantId_eventIdCompoundUniqueInput,
      ?   AND?: WebhookEventWhereInput | WebhookEventWhereInput[],
      ?   OR?: WebhookEventWhereInput[],
      ?   NOT?: WebhookEventWhereInput | WebhookEventWhereInput[],
      ?   tenantId?: StringFilter | String,
      ?   eventType?: StringFilter | String,
      ?   rawPayload?: StringFilter | String,
      ?   status?: EnumWebhookStatusFilter | WebhookStatus,
      ?   attempts?: IntFilter | Int,
      ?   lastError?: StringNullableFilter | String | Null,
      ?   processedAt?: DateTimeNullableFilter | DateTime | Null,
      ?   createdAt?: DateTimeFilter | DateTime,
      ?   tenant?: TenantScalarRelationFilter | TenantWhereInput
        }
      })

Argument `where` of type WebhookEventWhereUniqueInput needs at least one of `id` or `tenantId_eventId` arguments. Available options are marked with ?.
 â¯ Nn src/generated/prisma/runtime/library.js:32:1363
 â¯ ei.handleRequestError src/generated/prisma/runtime/library.js:124:6911
 â¯ ei.handleAndLogRequestError src/generated/prisma/runtime/library.js:124:6593
 â¯ ei.request src/generated/prisma/runtime/library.js:124:6300
 â¯ a src/generated/prisma/runtime/library.js:133:9551
 â¯ test/integration/webhook-repository.integration.spec.ts:215:23
    213| 
    214|       // Get initial attempts
    215|       const initial = await ctx.prisma.webhookEvent.findUnique({
       |                       ^
    216|         where: { eventId: 'evt_retry_test' },
    217|       });

âŽ¯âŽ¯âŽ¯âŽ¯âŽ¯âŽ¯âŽ¯âŽ¯âŽ¯âŽ¯âŽ¯âŽ¯âŽ¯âŽ¯âŽ¯âŽ¯âŽ¯âŽ¯âŽ¯âŽ¯âŽ¯âŽ¯âŽ¯[9/28]âŽ¯

 FAIL  test/integration/webhook-repository.integration.spec.ts > PrismaWebhookRepository - Integration Tests > Status Transitions > should transition from PENDING to PROCESSED
PrismaClientValidationError: 
Invalid `ctx.prisma.webhookEvent.findUnique()` invocation in
/Users/mikeyoung/CODING/Elope/server/test/integration/webhook-repository.integration.spec.ts:252:49

  249 });
  250 
  251 // Verify PENDING
â†’ 252 let event = await ctx.prisma.webhookEvent.findUnique({
        where: {
          eventId: "evt_transition_pending_processed",
      ?   id?: String,
      ?   tenantId_eventId?: WebhookEventTenantId_eventIdCompoundUniqueInput,
      ?   AND?: WebhookEventWhereInput | WebhookEventWhereInput[],
      ?   OR?: WebhookEventWhereInput[],
      ?   NOT?: WebhookEventWhereInput | WebhookEventWhereInput[],
      ?   tenantId?: StringFilter | String,
      ?   eventType?: StringFilter | String,
      ?   rawPayload?: StringFilter | String,
      ?   status?: EnumWebhookStatusFilter | WebhookStatus,
      ?   attempts?: IntFilter | Int,
      ?   lastError?: StringNullableFilter | String | Null,
      ?   processedAt?: DateTimeNullableFilter | DateTime | Null,
      ?   createdAt?: DateTimeFilter | DateTime,
      ?   tenant?: TenantScalarRelationFilter | TenantWhereInput
        }
      })

Argument `where` of type WebhookEventWhereUniqueInput needs at least one of `id` or `tenantId_eventId` arguments. Available options are marked with ?.
 â¯ Nn src/generated/prisma/runtime/library.js:32:1363
 â¯ ei.handleRequestError src/generated/prisma/runtime/library.js:124:6911
 â¯ ei.handleAndLogRequestError src/generated/prisma/runtime/library.js:124:6593
 â¯ ei.request src/generated/prisma/runtime/library.js:124:6300
 â¯ a src/generated/prisma/runtime/library.js:133:9551
 â¯ test/integration/webhook-repository.integration.spec.ts:252:19
    250| 
    251|       // Verify PENDING
    252|       let event = await ctx.prisma.webhookEvent.findUnique({
       |                   ^
    253|         where: { eventId },
    254|       });

âŽ¯âŽ¯âŽ¯âŽ¯âŽ¯âŽ¯âŽ¯âŽ¯âŽ¯âŽ¯âŽ¯âŽ¯âŽ¯âŽ¯âŽ¯âŽ¯âŽ¯âŽ¯âŽ¯âŽ¯âŽ¯âŽ¯[10/28]âŽ¯

 FAIL  test/integration/webhook-repository.integration.spec.ts > PrismaWebhookRepository - Integration Tests > Status Transitions > should transition from PENDING to FAILED
PrismaClientValidationError: 
Invalid `ctx.prisma.webhookEvent.findUnique()` invocation in
/Users/mikeyoung/CODING/Elope/server/test/integration/webhook-repository.integration.spec.ts:279:49

  276 });
  277 
  278 // Verify PENDING
â†’ 279 let event = await ctx.prisma.webhookEvent.findUnique({
        where: {
          eventId: "evt_transition_pending_failed",
      ?   id?: String,
      ?   tenantId_eventId?: WebhookEventTenantId_eventIdCompoundUniqueInput,
      ?   AND?: WebhookEventWhereInput | WebhookEventWhereInput[],
      ?   OR?: WebhookEventWhereInput[],
      ?   NOT?: WebhookEventWhereInput | WebhookEventWhereInput[],
      ?   tenantId?: StringFilter | String,
      ?   eventType?: StringFilter | String,
      ?   rawPayload?: StringFilter | String,
      ?   status?: EnumWebhookStatusFilter | WebhookStatus,
      ?   attempts?: IntFilter | Int,
      ?   lastError?: StringNullableFilter | String | Null,
      ?   processedAt?: DateTimeNullableFilter | DateTime | Null,
      ?   createdAt?: DateTimeFilter | DateTime,
      ?   tenant?: TenantScalarRelationFilter | TenantWhereInput
        }
      })

Argument `where` of type WebhookEventWhereUniqueInput needs at least one of `id` or `tenantId_eventId` arguments. Available options are marked with ?.
 â¯ Nn src/generated/prisma/runtime/library.js:32:1363
 â¯ ei.handleRequestError src/generated/prisma/runtime/library.js:124:6911
 â¯ ei.handleAndLogRequestError src/generated/prisma/runtime/library.js:124:6593
 â¯ ei.request src/generated/prisma/runtime/library.js:124:6300
 â¯ a src/generated/prisma/runtime/library.js:133:9551
 â¯ test/integration/webhook-repository.integration.spec.ts:279:19
    277| 
    278|       // Verify PENDING
    279|       let event = await ctx.prisma.webhookEvent.findUnique({
       |                   ^
    280|         where: { eventId },
    281|       });

âŽ¯âŽ¯âŽ¯âŽ¯âŽ¯âŽ¯âŽ¯âŽ¯âŽ¯âŽ¯âŽ¯âŽ¯âŽ¯âŽ¯âŽ¯âŽ¯âŽ¯âŽ¯âŽ¯âŽ¯âŽ¯âŽ¯[11/28]âŽ¯

 FAIL  test/integration/webhook-repository.integration.spec.ts > PrismaWebhookRepository - Integration Tests > Data Integrity > should store complete raw payload
PrismaClientValidationError: 
Invalid `ctx.prisma.webhookEvent.findUnique()` invocation in
/Users/mikeyoung/CODING/Elope/server/test/integration/webhook-repository.integration.spec.ts:322:51

  319   rawPayload: JSON.stringify(complexPayload),
  320 });
  321 
â†’ 322 const event = await ctx.prisma.webhookEvent.findUnique({
        where: {
          eventId: "evt_complex",
      ?   id?: String,
      ?   tenantId_eventId?: WebhookEventTenantId_eventIdCompoundUniqueInput,
      ?   AND?: WebhookEventWhereInput | WebhookEventWhereInput[],
      ?   OR?: WebhookEventWhereInput[],
      ?   NOT?: WebhookEventWhereInput | WebhookEventWhereInput[],
      ?   tenantId?: StringFilter | String,
      ?   eventType?: StringFilter | String,
      ?   rawPayload?: StringFilter | String,
      ?   status?: EnumWebhookStatusFilter | WebhookStatus,
      ?   attempts?: IntFilter | Int,
      ?   lastError?: StringNullableFilter | String | Null,
      ?   processedAt?: DateTimeNullableFilter | DateTime | Null,
      ?   createdAt?: DateTimeFilter | DateTime,
      ?   tenant?: TenantScalarRelationFilter | TenantWhereInput
        }
      })

Argument `where` of type WebhookEventWhereUniqueInput needs at least one of `id` or `tenantId_eventId` arguments. Available options are marked with ?.
 â¯ Nn src/generated/prisma/runtime/library.js:32:1363
 â¯ ei.handleRequestError src/generated/prisma/runtime/library.js:124:6911
 â¯ ei.handleAndLogRequestError src/generated/prisma/runtime/library.js:124:6593
 â¯ ei.request src/generated/prisma/runtime/library.js:124:6300
 â¯ a src/generated/prisma/runtime/library.js:133:9551
 â¯ test/integration/webhook-repository.integration.spec.ts:322:21
    320|       });
    321| 
    322|       const event = await ctx.prisma.webhookEvent.findUnique({
       |                     ^
    323|         where: { eventId: 'evt_complex' },
    324|       });

âŽ¯âŽ¯âŽ¯âŽ¯âŽ¯âŽ¯âŽ¯âŽ¯âŽ¯âŽ¯âŽ¯âŽ¯âŽ¯âŽ¯âŽ¯âŽ¯âŽ¯âŽ¯âŽ¯âŽ¯âŽ¯âŽ¯[12/28]âŽ¯

 FAIL  test/integration/webhook-repository.integration.spec.ts > PrismaWebhookRepository - Integration Tests > Data Integrity > should maintain timestamps correctly
PrismaClientValidationError: 
Invalid `ctx.prisma.webhookEvent.findUnique()` invocation in
/Users/mikeyoung/CODING/Elope/server/test/integration/webhook-repository.integration.spec.ts:369:53

  366   rawPayload: JSON.stringify({ data: 'timestamp' }),
  367 });
  368 
â†’ 369 const initial = await ctx.prisma.webhookEvent.findUnique({
        where: {
          eventId: "evt_timestamp_test",
      ?   id?: String,
      ?   tenantId_eventId?: WebhookEventTenantId_eventIdCompoundUniqueInput,
      ?   AND?: WebhookEventWhereInput | WebhookEventWhereInput[],
      ?   OR?: WebhookEventWhereInput[],
      ?   NOT?: WebhookEventWhereInput | WebhookEventWhereInput[],
      ?   tenantId?: StringFilter | String,
      ?   eventType?: StringFilter | String,
      ?   rawPayload?: StringFilter | String,
      ?   status?: EnumWebhookStatusFilter | WebhookStatus,
      ?   attempts?: IntFilter | Int,
      ?   lastError?: StringNullableFilter | String | Null,
      ?   processedAt?: DateTimeNullableFilter | DateTime | Null,
      ?   createdAt?: DateTimeFilter | DateTime,
      ?   tenant?: TenantScalarRelationFilter | TenantWhereInput
        }
      })

Argument `where` of type WebhookEventWhereUniqueInput needs at least one of `id` or `tenantId_eventId` arguments. Available options are marked with ?.
 â¯ Nn src/generated/prisma/runtime/library.js:32:1363
 â¯ ei.handleRequestError src/generated/prisma/runtime/library.js:124:6911
 â¯ ei.handleAndLogRequestError src/generated/prisma/runtime/library.js:124:6593
 â¯ ei.request src/generated/prisma/runtime/library.js:124:6300
 â¯ a src/generated/prisma/runtime/library.js:133:9551
 â¯ test/integration/webhook-repository.integration.spec.ts:369:23
    367|       });
    368| 
    369|       const initial = await ctx.prisma.webhookEvent.findUnique({
       |                       ^
    370|         where: { eventId },
    371|       });

âŽ¯âŽ¯âŽ¯âŽ¯âŽ¯âŽ¯âŽ¯âŽ¯âŽ¯âŽ¯âŽ¯âŽ¯âŽ¯âŽ¯âŽ¯âŽ¯âŽ¯âŽ¯âŽ¯âŽ¯âŽ¯âŽ¯[13/28]âŽ¯

 FAIL  test/integration/webhook-repository.integration.spec.ts > PrismaWebhookRepository - Integration Tests > Edge Cases > should handle empty payload
PrismaClientValidationError: 
Invalid `ctx.prisma.webhookEvent.findUnique()` invocation in
/Users/mikeyoung/CODING/Elope/server/test/integration/webhook-repository.integration.spec.ts:402:51

  399   rawPayload: '',
  400 });
  401 
â†’ 402 const event = await ctx.prisma.webhookEvent.findUnique({
        where: {
          eventId: "evt_empty_payload",
      ?   id?: String,
      ?   tenantId_eventId?: WebhookEventTenantId_eventIdCompoundUniqueInput,
      ?   AND?: WebhookEventWhereInput | WebhookEventWhereInput[],
      ?   OR?: WebhookEventWhereInput[],
      ?   NOT?: WebhookEventWhereInput | WebhookEventWhereInput[],
      ?   tenantId?: StringFilter | String,
      ?   eventType?: StringFilter | String,
      ?   rawPayload?: StringFilter | String,
      ?   status?: EnumWebhookStatusFilter | WebhookStatus,
      ?   attempts?: IntFilter | Int,
      ?   lastError?: StringNullableFilter | String | Null,
      ?   processedAt?: DateTimeNullableFilter | DateTime | Null,
      ?   createdAt?: DateTimeFilter | DateTime,
      ?   tenant?: TenantScalarRelationFilter | TenantWhereInput
        }
      })

Argument `where` of type WebhookEventWhereUniqueInput needs at least one of `id` or `tenantId_eventId` arguments. Available options are marked with ?.
 â¯ Nn src/generated/prisma/runtime/library.js:32:1363
 â¯ ei.handleRequestError src/generated/prisma/runtime/library.js:124:6911
 â¯ ei.handleAndLogRequestError src/generated/prisma/runtime/library.js:124:6593
 â¯ ei.request src/generated/prisma/runtime/library.js:124:6300
 â¯ a src/generated/prisma/runtime/library.js:133:9551
 â¯ test/integration/webhook-repository.integration.spec.ts:402:21
    400|       });
    401| 
    402|       const event = await ctx.prisma.webhookEvent.findUnique({
       |                     ^
    403|         where: { eventId: 'evt_empty_payload' },
    404|       });

âŽ¯âŽ¯âŽ¯âŽ¯âŽ¯âŽ¯âŽ¯âŽ¯âŽ¯âŽ¯âŽ¯âŽ¯âŽ¯âŽ¯âŽ¯âŽ¯âŽ¯âŽ¯âŽ¯âŽ¯âŽ¯âŽ¯[14/28]âŽ¯

 FAIL  test/integration/webhook-repository.integration.spec.ts > PrismaWebhookRepository - Integration Tests > Edge Cases > should handle very long error messages
PrismaClientValidationError: 
Invalid `ctx.prisma.webhookEvent.findUnique()` invocation in
/Users/mikeyoung/CODING/Elope/server/test/integration/webhook-repository.integration.spec.ts:422:51

  419 
  420 await repository.markFailed(testTenantId, eventId, longError);
  421 
â†’ 422 const event = await ctx.prisma.webhookEvent.findUnique({
        where: {
          eventId: "evt_long_error",
      ?   id?: String,
      ?   tenantId_eventId?: WebhookEventTenantId_eventIdCompoundUniqueInput,
      ?   AND?: WebhookEventWhereInput | WebhookEventWhereInput[],
      ?   OR?: WebhookEventWhereInput[],
      ?   NOT?: WebhookEventWhereInput | WebhookEventWhereInput[],
      ?   tenantId?: StringFilter | String,
      ?   eventType?: StringFilter | String,
      ?   rawPayload?: StringFilter | String,
      ?   status?: EnumWebhookStatusFilter | WebhookStatus,
      ?   attempts?: IntFilter | Int,
      ?   lastError?: StringNullableFilter | String | Null,
      ?   processedAt?: DateTimeNullableFilter | DateTime | Null,
      ?   createdAt?: DateTimeFilter | DateTime,
      ?   tenant?: TenantScalarRelationFilter | TenantWhereInput
        }
      })

Argument `where` of type WebhookEventWhereUniqueInput needs at least one of `id` or `tenantId_eventId` arguments. Available options are marked with ?.
 â¯ Nn src/generated/prisma/runtime/library.js:32:1363
 â¯ ei.handleRequestError src/generated/prisma/runtime/library.js:124:6911
 â¯ ei.handleAndLogRequestError src/generated/prisma/runtime/library.js:124:6593
 â¯ ei.request src/generated/prisma/runtime/library.js:124:6300
 â¯ a src/generated/prisma/runtime/library.js:133:9551
 â¯ test/integration/webhook-repository.integration.spec.ts:422:21
    420|       await repository.markFailed(testTenantId, eventId, longError);
    421| 
    422|       const event = await ctx.prisma.webhookEvent.findUnique({
       |                     ^
    423|         where: { eventId },
    424|       });

âŽ¯âŽ¯âŽ¯âŽ¯âŽ¯âŽ¯âŽ¯âŽ¯âŽ¯âŽ¯âŽ¯âŽ¯âŽ¯âŽ¯âŽ¯âŽ¯âŽ¯âŽ¯âŽ¯âŽ¯âŽ¯âŽ¯[15/28]âŽ¯

 FAIL  test/integration/webhook-repository.integration.spec.ts > PrismaWebhookRepository - Integration Tests > Edge Cases > should handle special characters in event IDs
PrismaClientValidationError: 
Invalid `ctx.prisma.webhookEvent.findUnique()` invocation in
/Users/mikeyoung/CODING/Elope/server/test/integration/webhook-repository.integration.spec.ts:438:51

  435   rawPayload: JSON.stringify({ data: 'special' }),
  436 });
  437 
â†’ 438 const event = await ctx.prisma.webhookEvent.findUnique({
        where: {
          eventId: "evt_test_special-chars_123.456",
      ?   id?: String,
      ?   tenantId_eventId?: WebhookEventTenantId_eventIdCompoundUniqueInput,
      ?   AND?: WebhookEventWhereInput | WebhookEventWhereInput[],
      ?   OR?: WebhookEventWhereInput[],
      ?   NOT?: WebhookEventWhereInput | WebhookEventWhereInput[],
      ?   tenantId?: StringFilter | String,
      ?   eventType?: StringFilter | String,
      ?   rawPayload?: StringFilter | String,
      ?   status?: EnumWebhookStatusFilter | WebhookStatus,
      ?   attempts?: IntFilter | Int,
      ?   lastError?: StringNullableFilter | String | Null,
      ?   processedAt?: DateTimeNullableFilter | DateTime | Null,
      ?   createdAt?: DateTimeFilter | DateTime,
      ?   tenant?: TenantScalarRelationFilter | TenantWhereInput
        }
      })

Argument `where` of type WebhookEventWhereUniqueInput needs at least one of `id` or `tenantId_eventId` arguments. Available options are marked with ?.
 â¯ Nn src/generated/prisma/runtime/library.js:32:1363
 â¯ ei.handleRequestError src/generated/prisma/runtime/library.js:124:6911
 â¯ ei.handleAndLogRequestError src/generated/prisma/runtime/library.js:124:6593
 â¯ ei.request src/generated/prisma/runtime/library.js:124:6300
 â¯ a src/generated/prisma/runtime/library.js:133:9551
 â¯ test/integration/webhook-repository.integration.spec.ts:438:21
    436|       });
    437| 
    438|       const event = await ctx.prisma.webhookEvent.findUnique({
       |                     ^
    439|         where: { eventId: specialEventId },
    440|       });

âŽ¯âŽ¯âŽ¯âŽ¯âŽ¯âŽ¯âŽ¯âŽ¯âŽ¯âŽ¯âŽ¯âŽ¯âŽ¯âŽ¯âŽ¯âŽ¯âŽ¯âŽ¯âŽ¯âŽ¯âŽ¯âŽ¯[16/28]âŽ¯

 FAIL  test/middleware/error-handler.spec.ts > Error Handler Middleware > Domain Error Mapping > should map NotFoundError to 404
AssertionError: expected "spy" to be called with arguments: [ { error: 'NOT_FOUND', â€¦(1) } ][90m

Received: 

[1m  1st spy call:

[22m[2m  [[22m
[2m    {[22m
[2m      "error": "NOT_FOUND",[22m
[2m      "message": "Resource not found",[22m
[31m+     "requestId": undefined,[90m
[31m+     "status": "error",[90m
[31m+     "statusCode": 404,[90m
[2m    },[22m
[2m  ][22m
[39m[90m

Number of calls: [1m1[22m
[39m
 â¯ test/middleware/error-handler.spec.ts:49:24
     47| 
     48|       expect(res.status).toHaveBeenCalledWith(404);
     49|       expect(res.json).toHaveBeenCalledWith({
       |                        ^
     50|         error: 'NOT_FOUND',
     51|         message: 'Resource not found',

âŽ¯âŽ¯âŽ¯âŽ¯âŽ¯âŽ¯âŽ¯âŽ¯âŽ¯âŽ¯âŽ¯âŽ¯âŽ¯âŽ¯âŽ¯âŽ¯âŽ¯âŽ¯âŽ¯âŽ¯âŽ¯âŽ¯[17/28]âŽ¯

 FAIL  test/middleware/error-handler.spec.ts > Error Handler Middleware > Domain Error Mapping > should map ValidationError to 400
AssertionError: expected "spy" to be called with arguments: [ { error: 'VALIDATION_ERROR', â€¦(1) } ][90m

Received: 

[1m  1st spy call:

[22m[2m  [[22m
[2m    {[22m
[2m      "error": "VALIDATION_ERROR",[22m
[2m      "message": "Invalid input",[22m
[31m+     "requestId": undefined,[90m
[31m+     "status": "error",[90m
[31m+     "statusCode": 400,[90m
[2m    },[22m
[2m  ][22m
[39m[90m

Number of calls: [1m1[22m
[39m
 â¯ test/middleware/error-handler.spec.ts:61:24
     59| 
     60|       expect(res.status).toHaveBeenCalledWith(400);
     61|       expect(res.json).toHaveBeenCalledWith({
       |                        ^
     62|         error: 'VALIDATION_ERROR',
     63|         message: 'Invalid input',

âŽ¯âŽ¯âŽ¯âŽ¯âŽ¯âŽ¯âŽ¯âŽ¯âŽ¯âŽ¯âŽ¯âŽ¯âŽ¯âŽ¯âŽ¯âŽ¯âŽ¯âŽ¯âŽ¯âŽ¯âŽ¯âŽ¯[18/28]âŽ¯

 FAIL  test/middleware/error-handler.spec.ts > Error Handler Middleware > Domain Error Mapping > should map UnauthorizedError to 401
AssertionError: expected "spy" to be called with arguments: [ { error: 'UNAUTHORIZED', â€¦(1) } ][90m

Received: 

[1m  1st spy call:

[22m[2m  [[22m
[2m    {[22m
[2m      "error": "UNAUTHORIZED",[22m
[2m      "message": "Invalid token",[22m
[31m+     "requestId": undefined,[90m
[31m+     "status": "error",[90m
[31m+     "statusCode": 401,[90m
[2m    },[22m
[2m  ][22m
[39m[90m

Number of calls: [1m1[22m
[39m
 â¯ test/middleware/error-handler.spec.ts:73:24
     71| 
     72|       expect(res.status).toHaveBeenCalledWith(401);
     73|       expect(res.json).toHaveBeenCalledWith({
       |                        ^
     74|         error: 'UNAUTHORIZED',
     75|         message: 'Invalid token',

âŽ¯âŽ¯âŽ¯âŽ¯âŽ¯âŽ¯âŽ¯âŽ¯âŽ¯âŽ¯âŽ¯âŽ¯âŽ¯âŽ¯âŽ¯âŽ¯âŽ¯âŽ¯âŽ¯âŽ¯âŽ¯âŽ¯[19/28]âŽ¯

 FAIL  test/middleware/error-handler.spec.ts > Error Handler Middleware > Domain Error Mapping > should map ForbiddenError to 403
AssertionError: expected "spy" to be called with arguments: [ { error: 'FORBIDDEN', â€¦(1) } ][90m

Received: 

[1m  1st spy call:

[22m[2m  [[22m
[2m    {[22m
[2m      "error": "FORBIDDEN",[22m
[2m      "message": "Access denied",[22m
[31m+     "requestId": undefined,[90m
[31m+     "status": "error",[90m
[31m+     "statusCode": 403,[90m
[2m    },[22m
[2m  ][22m
[39m[90m

Number of calls: [1m1[22m
[39m
 â¯ test/middleware/error-handler.spec.ts:85:24
     83| 
     84|       expect(res.status).toHaveBeenCalledWith(403);
     85|       expect(res.json).toHaveBeenCalledWith({
       |                        ^
     86|         error: 'FORBIDDEN',
     87|         message: 'Access denied',

âŽ¯âŽ¯âŽ¯âŽ¯âŽ¯âŽ¯âŽ¯âŽ¯âŽ¯âŽ¯âŽ¯âŽ¯âŽ¯âŽ¯âŽ¯âŽ¯âŽ¯âŽ¯âŽ¯âŽ¯âŽ¯âŽ¯[20/28]âŽ¯

 FAIL  test/middleware/error-handler.spec.ts > Error Handler Middleware > Domain Error Mapping > should map ConflictError to 409
AssertionError: expected "spy" to be called with arguments: [ { error: 'CONFLICT', â€¦(1) } ][90m

Received: 

[1m  1st spy call:

[22m[2m  [[22m
[2m    {[22m
[2m      "error": "CONFLICT",[22m
[2m      "message": "Resource already exists",[22m
[31m+     "requestId": undefined,[90m
[31m+     "status": "error",[90m
[31m+     "statusCode": 409,[90m
[2m    },[22m
[2m  ][22m
[39m[90m

Number of calls: [1m1[22m
[39m
 â¯ test/middleware/error-handler.spec.ts:97:24
     95| 
     96|       expect(res.status).toHaveBeenCalledWith(409);
     97|       expect(res.json).toHaveBeenCalledWith({
       |                        ^
     98|         error: 'CONFLICT',
     99|         message: 'Resource already exists',

âŽ¯âŽ¯âŽ¯âŽ¯âŽ¯âŽ¯âŽ¯âŽ¯âŽ¯âŽ¯âŽ¯âŽ¯âŽ¯âŽ¯âŽ¯âŽ¯âŽ¯âŽ¯âŽ¯âŽ¯âŽ¯âŽ¯[21/28]âŽ¯

 FAIL  test/middleware/error-handler.spec.ts > Error Handler Middleware > Domain Error Mapping > should map UnprocessableEntityError to 422
AssertionError: expected "spy" to be called with arguments: [ { â€¦(2) } ][90m

Received: 

[1m  1st spy call:

[22m[2m  [[22m
[2m    {[22m
[2m      "error": "UNPROCESSABLE_ENTITY",[22m
[2m      "message": "Invalid webhook signature",[22m
[31m+     "requestId": undefined,[90m
[31m+     "status": "error",[90m
[31m+     "statusCode": 422,[90m
[2m    },[22m
[2m  ][22m
[39m[90m

Number of calls: [1m1[22m
[39m
 â¯ test/middleware/error-handler.spec.ts:109:24
    107| 
    108|       expect(res.status).toHaveBeenCalledWith(422);
    109|       expect(res.json).toHaveBeenCalledWith({
       |                        ^
    110|         error: 'UNPROCESSABLE_ENTITY',
    111|         message: 'Invalid webhook signature',

âŽ¯âŽ¯âŽ¯âŽ¯âŽ¯âŽ¯âŽ¯âŽ¯âŽ¯âŽ¯âŽ¯âŽ¯âŽ¯âŽ¯âŽ¯âŽ¯âŽ¯âŽ¯âŽ¯âŽ¯âŽ¯âŽ¯[22/28]âŽ¯

 FAIL  test/middleware/error-handler.spec.ts > Error Handler Middleware > Domain Error Mapping > should map custom DomainError to specified status code
AssertionError: expected "spy" to be called with arguments: [ { error: 'CUSTOM_ERROR', â€¦(1) } ][90m

Received: 

[1m  1st spy call:

[22m[2m  [[22m
[2m    {[22m
[2m      "error": "CUSTOM_ERROR",[22m
[2m      "message": "Custom error",[22m
[31m+     "requestId": undefined,[90m
[31m+     "status": "error",[90m
[31m+     "statusCode": 418,[90m
[2m    },[22m
[2m  ][22m
[39m[90m

Number of calls: [1m1[22m
[39m
 â¯ test/middleware/error-handler.spec.ts:121:24
    119| 
    120|       expect(res.status).toHaveBeenCalledWith(418);
    121|       expect(res.json).toHaveBeenCalledWith({
       |                        ^
    122|         error: 'CUSTOM_ERROR',
    123|         message: 'Custom error',

âŽ¯âŽ¯âŽ¯âŽ¯âŽ¯âŽ¯âŽ¯âŽ¯âŽ¯âŽ¯âŽ¯âŽ¯âŽ¯âŽ¯âŽ¯âŽ¯âŽ¯âŽ¯âŽ¯âŽ¯âŽ¯âŽ¯[23/28]âŽ¯

 FAIL  test/middleware/error-handler.spec.ts > Error Handler Middleware > Booking-specific Errors > should map BookingConflictError to 409
AssertionError: expected "spy" to be called with arguments: [ { error: 'CONFLICT', â€¦(1) } ][90m

Received: 

[1m  1st spy call:

[22m[2m  [[22m
[2m    {[22m
[2m      "error": "CONFLICT",[22m
[2m      "message": "Date 2025-12-25 is already booked",[22m
[31m+     "requestId": undefined,[90m
[31m+     "status": "error",[90m
[31m+     "statusCode": 409,[90m
[2m    },[22m
[2m  ][22m
[39m[90m

Number of calls: [1m1[22m
[39m
 â¯ test/middleware/error-handler.spec.ts:135:24
    133| 
    134|       expect(res.status).toHaveBeenCalledWith(409);
    135|       expect(res.json).toHaveBeenCalledWith({
       |                        ^
    136|         error: 'CONFLICT',
    137|         message: 'Date 2025-12-25 is already booked',

âŽ¯âŽ¯âŽ¯âŽ¯âŽ¯âŽ¯âŽ¯âŽ¯âŽ¯âŽ¯âŽ¯âŽ¯âŽ¯âŽ¯âŽ¯âŽ¯âŽ¯âŽ¯âŽ¯âŽ¯âŽ¯âŽ¯[24/28]âŽ¯

 FAIL  test/middleware/error-handler.spec.ts > Error Handler Middleware > Unknown Error Handling > should map generic Error to 500
TypeError: req.get is not a function
 â¯ errorHandler src/middleware/error-handler.ts:99:20
     97|     url: req.url,
     98|     method: req.method,
     99|     userAgent: req.get('user-agent'),
       |                    ^
    100|   });
    101| 
 â¯ test/middleware/error-handler.spec.ts:146:7

âŽ¯âŽ¯âŽ¯âŽ¯âŽ¯âŽ¯âŽ¯âŽ¯âŽ¯âŽ¯âŽ¯âŽ¯âŽ¯âŽ¯âŽ¯âŽ¯âŽ¯âŽ¯âŽ¯âŽ¯âŽ¯âŽ¯[25/28]âŽ¯

 FAIL  test/middleware/error-handler.spec.ts > Error Handler Middleware > Unknown Error Handling > should log unknown errors with full details
TypeError: req.get is not a function
 â¯ errorHandler src/middleware/error-handler.ts:99:20
     97|     url: req.url,
     98|     method: req.method,
     99|     userAgent: req.get('user-agent'),
       |                    ^
    100|   });
    101| 
 â¯ test/middleware/error-handler.spec.ts:158:7

âŽ¯âŽ¯âŽ¯âŽ¯âŽ¯âŽ¯âŽ¯âŽ¯âŽ¯âŽ¯âŽ¯âŽ¯âŽ¯âŽ¯âŽ¯âŽ¯âŽ¯âŽ¯âŽ¯âŽ¯âŽ¯âŽ¯[26/28]âŽ¯

 FAIL  test/middleware/error-handler.spec.ts > Error Handler Middleware > Unknown Error Handling > should hide unknown error details from client
TypeError: req.get is not a function
 â¯ errorHandler src/middleware/error-handler.ts:99:20
     97|     url: req.url,
     98|     method: req.method,
     99|     userAgent: req.get('user-agent'),
       |                    ^
    100|   });
    101| 
 â¯ test/middleware/error-handler.spec.ts:169:7

âŽ¯âŽ¯âŽ¯âŽ¯âŽ¯âŽ¯âŽ¯âŽ¯âŽ¯âŽ¯âŽ¯âŽ¯âŽ¯âŽ¯âŽ¯âŽ¯âŽ¯âŽ¯âŽ¯âŽ¯âŽ¯âŽ¯[27/28]âŽ¯

 FAIL  test/middleware/error-handler.spec.ts > Error Handler Middleware > Logging Behavior > should log unknown errors at error level
TypeError: req.get is not a function
 â¯ errorHandler src/middleware/error-handler.ts:99:20
     97|     url: req.url,
     98|     method: req.method,
     99|     userAgent: req.get('user-agent'),
       |                    ^
    100|   });
    101| 
 â¯ test/middleware/error-handler.spec.ts:204:7

âŽ¯âŽ¯âŽ¯âŽ¯âŽ¯âŽ¯âŽ¯âŽ¯âŽ¯âŽ¯âŽ¯âŽ¯âŽ¯âŽ¯âŽ¯âŽ¯âŽ¯âŽ¯âŽ¯âŽ¯âŽ¯âŽ¯[28/28]âŽ¯


 Test Files  4 failed | 13 passed | 2 skipped (19)
      Tests  28 failed | 172 passed | 42 skipped | 12 todo (254)
   Start at  12:12:19
   Duration  48.32s (transform 590ms, setup 0ms, collect 2.31s, tests 106.69s, environment 2ms, prepare 1.05s)

npm error Lifecycle script `test:coverage` failed with error:
npm error code 1
npm error path /Users/mikeyoung/CODING/Elope/server
npm error workspace @elope/api@0.0.0
npm error location /Users/mikeyoung/CODING/Elope/server
npm error command failed
npm error command sh -c vitest run --coverage
